[2025-11-04 03:35:06] Missing gesture_text. POST: [] RAW: {"text":"Gesture: Fist (No/Stop)","timestamp":"2025-11-04T02:35:06.283Z"}
[2025-11-04 03:35:06] Missing gesture_text. POST: [] RAW: {"text":"Gesture: Fist (No/Stop)","timestamp":"2025-11-04T02:35:06.327Z"}
[2025-11-04 03:35:06] Missing gesture_text. POST: [] RAW: {"text":"Gesture: Fist (No/Stop)","timestamp":"2025-11-04T02:35:06.370Z"}
[2025-11-04 03:35:06] Missing gesture_text. POST: [] RAW: {"text":"Gesture: Fist (No/Stop)","timestamp":"2025-11-04T02:35:06.421Z"}
[2025-11-04 03:35:06] Missing gesture_text. POST: [] RAW: {"text":"Gesture: Fist (No/Stop)","timestamp":"2025-11-04T02:35:06.471Z"}
[2025-11-04 03:35:06] Missing gesture_text. POST: [] RAW: {"text":"Gesture: Fist (No/Stop)","timestamp":"2025-11-04T02:35:06.521Z"}
[2025-11-04 03:35:06] Missing gesture_text. POST: [] RAW: {"text":"Gesture: Fist (No/Stop)","timestamp":"2025-11-04T02:35:06.562Z"}
[2025-11-04 03:35:06] Missing gesture_text. POST: [] RAW: {"text":"Gesture: Fist (No/Stop)","timestamp":"2025-11-04T02:35:06.596Z"}
[2025-11-04 03:35:06] Missing gesture_text. POST: [] RAW: {"text":"Gesture: Fist (No/Stop)","timestamp":"2025-11-04T02:35:06.632Z"}
[2025-11-04 03:35:06] Missing gesture_text. POST: [] RAW: {"text":"Gesture: Fist (No/Stop)","timestamp":"2025-11-04T02:35:06.663Z"}
[2025-11-04 03:35:06] Missing gesture_text. POST: [] RAW: {"text":"Gesture: Fist (No/Stop)","timestamp":"2025-11-04T02:35:06.702Z"}
[2025-11-04 03:35:06] Missing gesture_text. POST: [] RAW: {"text":"Gesture: Fist (No/Stop)","timestamp":"2025-11-04T02:35:06.738Z"}
[2025-11-04 03:35:06] Missing gesture_text. POST: [] RAW: {"text":"Gesture: Fist (No/Stop)","timestamp":"2025-11-04T02:35:06.771Z"}
[2025-11-04 03:35:06] Missing gesture_text. POST: [] RAW: {"text":"Gesture: Fist (No/Stop)","timestamp":"2025-11-04T02:35:06.805Z"}
[2025-11-04 03:35:06] Missing gesture_text. POST: [] RAW: {"text":"Gesture: Fist (No/Stop)","timestamp":"2025-11-04T02:35:06.839Z"}
[2025-11-04 03:35:06] Missing gesture_text. POST: [] RAW: {"text":"Gesture: Fist (No/Stop)","timestamp":"2025-11-04T02:35:06.872Z"}
[2025-11-04 03:35:06] Missing gesture_text. POST: [] RAW: {"text":"Gesture: Fist (No/Stop)","timestamp":"2025-11-04T02:35:06.914Z"}
[2025-11-04 03:35:06] Missing gesture_text. POST: [] RAW: {"text":"Gesture: Fist (No/Stop)","timestamp":"2025-11-04T02:35:06.956Z"}
[2025-11-04 03:35:07] Missing gesture_text. POST: [] RAW: {"text":"Gesture: Fist (No/Stop)","timestamp":"2025-11-04T02:35:06.996Z"}
[2025-11-04 03:35:07] Missing gesture_text. POST: [] RAW: {"text":"Gesture: Fist (No/Stop)","timestamp":"2025-11-04T02:35:07.030Z"}
[2025-11-04 03:35:07] Missing gesture_text. POST: [] RAW: {"text":"Gesture: Fist (No/Stop)","timestamp":"2025-11-04T02:35:07.070Z"}
[2025-11-04 03:35:07] Missing gesture_text. POST: [] RAW: {"text":"Gesture: Fist (No/Stop)","timestamp":"2025-11-04T02:35:07.106Z"}
[2025-11-04 03:35:07] Missing gesture_text. POST: [] RAW: {"text":"Gesture: Fist (No/Stop)","timestamp":"2025-11-04T02:35:07.143Z"}
[2025-11-04 03:35:07] Missing gesture_text. POST: [] RAW: {"text":"Gesture: Fist (No/Stop)","timestamp":"2025-11-04T02:35:07.176Z"}
[2025-11-04 03:35:07] Missing gesture_text. POST: [] RAW: {"text":"Gesture: Fist (No/Stop)","timestamp":"2025-11-04T02:35:07.218Z"}
[2025-11-04 03:35:07] Missing gesture_text. POST: [] RAW: {"text":"Gesture: Fist (No/Stop)","timestamp":"2025-11-04T02:35:07.253Z"}
[2025-11-04 03:35:07] Missing gesture_text. POST: [] RAW: {"text":"Gesture: Fist (No/Stop)","timestamp":"2025-11-04T02:35:07.292Z"}
[2025-11-04 03:35:07] Missing gesture_text. POST: [] RAW: {"text":"Gesture: Fist (No/Stop)","timestamp":"2025-11-04T02:35:07.324Z"}
[2025-11-04 03:35:07] Missing gesture_text. POST: [] RAW: {"text":"Gesture: Fist (No/Stop)","timestamp":"2025-11-04T02:35:07.360Z"}
[2025-11-04 03:35:07] Missing gesture_text. POST: [] RAW: {"text":"Gesture: Fist (No/Stop)","timestamp":"2025-11-04T02:35:07.392Z"}
[2025-11-04 03:35:07] Missing gesture_text. POST: [] RAW: {"text":"Gesture: Fist (No/Stop)","timestamp":"2025-11-04T02:35:07.427Z"}
[2025-11-04 03:35:07] Missing gesture_text. POST: [] RAW: {"text":"Gesture: Fist (No/Stop)","timestamp":"2025-11-04T02:35:07.470Z"}
[2025-11-04 03:35:07] Missing gesture_text. POST: [] RAW: {"text":"Gesture: Fist (No/Stop)","timestamp":"2025-11-04T02:35:07.504Z"}
[2025-11-04 03:35:07] Missing gesture_text. POST: [] RAW: {"text":"Gesture: Fist (No/Stop)","timestamp":"2025-11-04T02:35:07.541Z"}
[2025-11-04 03:35:07] Missing gesture_text. POST: [] RAW: {"text":"Gesture: Fist (No/Stop)","timestamp":"2025-11-04T02:35:07.585Z"}
[2025-11-04 03:35:07] Missing gesture_text. POST: [] RAW: {"text":"Gesture: Fist (No/Stop)","timestamp":"2025-11-04T02:35:07.615Z"}
[2025-11-04 03:35:07] Missing gesture_text. POST: [] RAW: {"text":"Gesture: Fist (No/Stop)","timestamp":"2025-11-04T02:35:07.647Z"}
[2025-11-04 03:35:07] Missing gesture_text. POST: [] RAW: {"text":"Gesture: Fist (No/Stop)","timestamp":"2025-11-04T02:35:07.683Z"}
[2025-11-04 03:35:07] Missing gesture_text. POST: [] RAW: {"text":"Gesture: Fist (No/Stop)","timestamp":"2025-11-04T02:35:07.723Z"}
[2025-11-04 03:35:07] Missing gesture_text. POST: [] RAW: {"text":"Gesture: Fist (No/Stop)","timestamp":"2025-11-04T02:35:07.766Z"}
[2025-11-04 03:35:07] Missing gesture_text. POST: [] RAW: {"text":"Gesture: Fist (No/Stop)","timestamp":"2025-11-04T02:35:07.817Z"}
[2025-11-04 03:35:07] Missing gesture_text. POST: [] RAW: {"text":"Gesture: Fist (No/Stop)","timestamp":"2025-11-04T02:35:07.857Z"}
[2025-11-04 03:35:07] Missing gesture_text. POST: [] RAW: {"text":"Gesture: Fist (No/Stop)","timestamp":"2025-11-04T02:35:07.891Z"}
[2025-11-04 03:35:07] Missing gesture_text. POST: [] RAW: {"text":"Gesture: Fist (No/Stop)","timestamp":"2025-11-04T02:35:07.928Z"}
[2025-11-04 03:35:07] Missing gesture_text. POST: [] RAW: {"text":"Gesture: Fist (No/Stop)","timestamp":"2025-11-04T02:35:07.967Z"}
[2025-11-04 03:35:08] Missing gesture_text. POST: [] RAW: {"text":"Gesture: Fist (No/Stop)","timestamp":"2025-11-04T02:35:07.999Z"}
[2025-11-04 03:35:08] Missing gesture_text. POST: [] RAW: {"text":"Gesture: Fist (No/Stop)","timestamp":"2025-11-04T02:35:08.028Z"}
[2025-11-04 03:35:08] Missing gesture_text. POST: [] RAW: {"text":"Gesture: Fist (No/Stop)","timestamp":"2025-11-04T02:35:08.058Z"}
[2025-11-04 03:35:08] Missing gesture_text. POST: [] RAW: {"text":"Gesture: Fist (No/Stop)","timestamp":"2025-11-04T02:35:08.086Z"}
[2025-11-04 03:35:08] Missing gesture_text. POST: [] RAW: {"text":"Gesture: Fist (No/Stop)","timestamp":"2025-11-04T02:35:08.141Z"}
[2025-11-04 03:35:08] Missing gesture_text. POST: [] RAW: {"text":"Gesture: Fist (No/Stop)","timestamp":"2025-11-04T02:35:08.181Z"}
[2025-11-04 03:35:08] Missing gesture_text. POST: [] RAW: {"text":"Gesture: Fist (No/Stop)","timestamp":"2025-11-04T02:35:08.203Z"}
[2025-11-04 03:35:08] Missing gesture_text. POST: [] RAW: {"text":"Gesture: Fist (No/Stop)","timestamp":"2025-11-04T02:35:08.251Z"}
[2025-11-04 03:35:08] Missing gesture_text. POST: [] RAW: {"text":"Gesture: Fist (No/Stop)","timestamp":"2025-11-04T02:35:08.269Z"}
[2025-11-04 03:35:08] Missing gesture_text. POST: [] RAW: {"text":"Gesture: Fist (No/Stop)","timestamp":"2025-11-04T02:35:08.314Z"}
[2025-11-04 03:35:08] Missing gesture_text. POST: [] RAW: {"text":"Gesture: Fist (No/Stop)","timestamp":"2025-11-04T02:35:08.332Z"}
[2025-11-04 03:35:08] Missing gesture_text. POST: [] RAW: {"text":"Gesture: Fist (No/Stop)","timestamp":"2025-11-04T02:35:08.375Z"}
[2025-11-04 03:35:08] Missing gesture_text. POST: [] RAW: {"text":"Gesture: Fist (No/Stop)","timestamp":"2025-11-04T02:35:08.398Z"}
[2025-11-04 03:35:08] Missing gesture_text. POST: [] RAW: {"text":"Gesture: Fist (No/Stop)","timestamp":"2025-11-04T02:35:08.440Z"}
[2025-11-04 03:35:08] Missing gesture_text. POST: [] RAW: {"text":"Gesture: Fist (No/Stop)","timestamp":"2025-11-04T02:35:08.461Z"}
[2025-11-04 03:35:08] Missing gesture_text. POST: [] RAW: {"text":"Gesture: Fist (No/Stop)","timestamp":"2025-11-04T02:35:08.517Z"}
[2025-11-04 03:35:08] Missing gesture_text. POST: [] RAW: {"text":"Gesture: Fist (No/Stop)","timestamp":"2025-11-04T02:35:08.537Z"}
[2025-11-04 03:35:08] Missing gesture_text. POST: [] RAW: {"text":"Gesture: Fist (No/Stop)","timestamp":"2025-11-04T02:35:08.580Z"}
[2025-11-04 03:35:08] Missing gesture_text. POST: [] RAW: {"text":"Gesture: Fist (No/Stop)","timestamp":"2025-11-04T02:35:08.601Z"}
[2025-11-04 03:35:08] Missing gesture_text. POST: [] RAW: {"text":"Gesture: Fist (No/Stop)","timestamp":"2025-11-04T02:35:08.646Z"}
[2025-11-04 03:35:08] Missing gesture_text. POST: [] RAW: {"text":"Gesture: Fist (No/Stop)","timestamp":"2025-11-04T02:35:08.663Z"}
[2025-11-04 03:35:08] Missing gesture_text. POST: [] RAW: {"text":"Gesture: Fist (No/Stop)","timestamp":"2025-11-04T02:35:08.708Z"}
[2025-11-04 03:35:08] Missing gesture_text. POST: [] RAW: {"text":"Gesture: Fist (No/Stop)","timestamp":"2025-11-04T02:35:08.727Z"}
[2025-11-04 03:35:08] Missing gesture_text. POST: [] RAW: {"text":"Gesture: Fist (No/Stop)","timestamp":"2025-11-04T02:35:08.774Z"}
[2025-11-04 03:35:08] Missing gesture_text. POST: [] RAW: {"text":"Gesture: Fist (No/Stop)","timestamp":"2025-11-04T02:35:08.803Z"}
[2025-11-04 03:35:08] Missing gesture_text. POST: [] RAW: {"text":"Gesture: Fist (No/Stop)","timestamp":"2025-11-04T02:35:08.852Z"}
[2025-11-04 03:35:08] Missing gesture_text. POST: [] RAW: {"text":"Gesture: Fist (No/Stop)","timestamp":"2025-11-04T02:35:08.869Z"}
[2025-11-04 03:35:08] Missing gesture_text. POST: [] RAW: {"text":"Gesture: Fist (No/Stop)","timestamp":"2025-11-04T02:35:08.914Z"}
[2025-11-04 03:35:08] Missing gesture_text. POST: [] RAW: {"text":"Gesture: Fist (No/Stop)","timestamp":"2025-11-04T02:35:08.932Z"}
[2025-11-04 03:35:09] Missing gesture_text. POST: [] RAW: {"text":"Gesture: Fist (No/Stop)","timestamp":"2025-11-04T02:35:08.979Z"}
[2025-11-04 03:35:09] Missing gesture_text. POST: [] RAW: {"text":"Gesture: Fist (No/Stop)","timestamp":"2025-11-04T02:35:08.999Z"}
[2025-11-04 03:35:09] Missing gesture_text. POST: [] RAW: {"text":"Gesture: Fist (No/Stop)","timestamp":"2025-11-04T02:35:09.046Z"}
[2025-11-04 03:35:09] Missing gesture_text. POST: [] RAW: {"text":"Gesture: Fist (No/Stop)","timestamp":"2025-11-04T02:35:09.066Z"}
[2025-11-04 03:35:09] Missing gesture_text. POST: [] RAW: {"text":"Gesture: Fist (No/Stop)","timestamp":"2025-11-04T02:35:09.115Z"}
[2025-11-04 03:35:09] Missing gesture_text. POST: [] RAW: {"text":"Gesture: Fist (No/Stop)","timestamp":"2025-11-04T02:35:09.137Z"}
[2025-11-04 03:35:09] Missing gesture_text. POST: [] RAW: {"text":"Gesture: Fist (No/Stop)","timestamp":"2025-11-04T02:35:09.190Z"}
[2025-11-04 03:35:09] Missing gesture_text. POST: [] RAW: {"text":"Gesture: Fist (No/Stop)","timestamp":"2025-11-04T02:35:09.218Z"}
[2025-11-04 03:35:09] Missing gesture_text. POST: [] RAW: {"text":"Gesture: Fist (No/Stop)","timestamp":"2025-11-04T02:35:09.269Z"}
[2025-11-04 03:35:09] Missing gesture_text. POST: [] RAW: {"text":"Gesture: Fist (No/Stop)","timestamp":"2025-11-04T02:35:09.297Z"}
[2025-11-04 03:35:09] Missing gesture_text. POST: [] RAW: {"text":"Gesture: Fist (No/Stop)","timestamp":"2025-11-04T02:35:09.340Z"}
[2025-11-04 03:35:09] Missing gesture_text. POST: [] RAW: {"text":"Gesture: Fist (No/Stop)","timestamp":"2025-11-04T02:35:09.357Z"}
[2025-11-04 03:35:09] Missing gesture_text. POST: [] RAW: {"text":"Gesture: Fist (No/Stop)","timestamp":"2025-11-04T02:35:09.409Z"}
[2025-11-04 03:35:09] Missing gesture_text. POST: [] RAW: {"text":"Gesture: Fist (No/Stop)","timestamp":"2025-11-04T02:35:09.429Z"}
[2025-11-04 03:35:09] Missing gesture_text. POST: [] RAW: {"text":"Gesture: Fist (No/Stop)","timestamp":"2025-11-04T02:35:09.492Z"}
[2025-11-04 03:35:09] Missing gesture_text. POST: [] RAW: {"text":"Gesture: Fist (No/Stop)","timestamp":"2025-11-04T02:35:09.514Z"}
[2025-11-04 03:35:09] Missing gesture_text. POST: [] RAW: {"text":"Gesture: Fist (No/Stop)","timestamp":"2025-11-04T02:35:09.568Z"}
[2025-11-04 03:35:09] Missing gesture_text. POST: [] RAW: {"text":"Gesture: Fist (No/Stop)","timestamp":"2025-11-04T02:35:09.595Z"}
[2025-11-04 03:35:09] Missing gesture_text. POST: [] RAW: {"text":"Gesture: Fist (No/Stop)","timestamp":"2025-11-04T02:35:09.631Z"}
[2025-11-04 03:35:09] Missing gesture_text. POST: [] RAW: {"text":"Gesture: Fist (No/Stop)","timestamp":"2025-11-04T02:35:09.680Z"}
[2025-11-04 03:35:09] Missing gesture_text. POST: [] RAW: {"text":"Gesture: Fist (No/Stop)","timestamp":"2025-11-04T02:35:09.704Z"}
[2025-11-04 03:35:09] Missing gesture_text. POST: [] RAW: {"text":"Gesture: Fist (No/Stop)","timestamp":"2025-11-04T02:35:09.743Z"}
[2025-11-04 03:35:09] Missing gesture_text. POST: [] RAW: {"text":"Gesture: Fist (No/Stop)","timestamp":"2025-11-04T02:35:09.780Z"}
[2025-11-04 03:35:09] Missing gesture_text. POST: [] RAW: {"text":"Gesture: Fist (No/Stop)","timestamp":"2025-11-04T02:35:09.819Z"}
[2025-11-04 03:35:09] Missing gesture_text. POST: [] RAW: {"text":"Gesture: Fist (No/Stop)","timestamp":"2025-11-04T02:35:09.855Z"}
[2025-11-04 03:35:09] Missing gesture_text. POST: [] RAW: {"text":"Gesture: Fist (No/Stop)","timestamp":"2025-11-04T02:35:09.893Z"}
[2025-11-04 03:35:09] Missing gesture_text. POST: [] RAW: {"text":"Gesture: Fist (No/Stop)","timestamp":"2025-11-04T02:35:09.926Z"}
[2025-11-04 03:35:09] Missing gesture_text. POST: [] RAW: {"text":"Gesture: Fist (No/Stop)","timestamp":"2025-11-04T02:35:09.962Z"}
[2025-11-04 03:35:10] Missing gesture_text. POST: [] RAW: {"text":"Gesture: Fist (No/Stop)","timestamp":"2025-11-04T02:35:09.993Z"}
[2025-11-04 03:35:10] Missing gesture_text. POST: [] RAW: {"text":"Gesture: Fist (No/Stop)","timestamp":"2025-11-04T02:35:10.028Z"}
[2025-11-04 03:35:10] Missing gesture_text. POST: [] RAW: {"text":"Gesture: Fist (No/Stop)","timestamp":"2025-11-04T02:35:10.067Z"}
[2025-11-04 03:35:10] Missing gesture_text. POST: [] RAW: {"text":"Gesture: Fist (No/Stop)","timestamp":"2025-11-04T02:35:10.109Z"}
[2025-11-04 03:35:10] Missing gesture_text. POST: [] RAW: {"text":"Gesture: Fist (No/Stop)","timestamp":"2025-11-04T02:35:10.130Z"}
[2025-11-04 03:35:10] Missing gesture_text. POST: [] RAW: {"text":"Gesture: Fist (No/Stop)","timestamp":"2025-11-04T02:35:10.161Z"}
[2025-11-04 03:35:10] Missing gesture_text. POST: [] RAW: {"text":"Gesture: Fist (No/Stop)","timestamp":"2025-11-04T02:35:10.202Z"}
[2025-11-04 03:35:10] Missing gesture_text. POST: [] RAW: {"text":"Gesture: Fist (No/Stop)","timestamp":"2025-11-04T02:35:10.221Z"}
[2025-11-04 03:35:10] Missing gesture_text. POST: [] RAW: {"text":"Gesture: Fist (No/Stop)","timestamp":"2025-11-04T02:35:10.266Z"}
[2025-11-04 03:35:10] Missing gesture_text. POST: [] RAW: {"text":"Gesture: Fist (No/Stop)","timestamp":"2025-11-04T02:35:10.285Z"}
[2025-11-04 03:35:10] Missing gesture_text. POST: [] RAW: {"text":"Gesture: Fist (No/Stop)","timestamp":"2025-11-04T02:35:10.313Z"}
[2025-11-04 03:35:10] Missing gesture_text. POST: [] RAW: {"text":"Gesture: Fist (No/Stop)","timestamp":"2025-11-04T02:35:10.365Z"}
[2025-11-04 03:35:10] Missing gesture_text. POST: [] RAW: {"text":"Gesture: Fist (No/Stop)","timestamp":"2025-11-04T02:35:10.384Z"}
[2025-11-04 03:35:10] Missing gesture_text. POST: [] RAW: {"text":"Gesture: Fist (No/Stop)","timestamp":"2025-11-04T02:35:10.412Z"}
[2025-11-04 03:35:10] Missing gesture_text. POST: [] RAW: {"text":"Gesture: Fist (No/Stop)","timestamp":"2025-11-04T02:35:10.443Z"}
[2025-11-04 03:35:10] Missing gesture_text. POST: [] RAW: {"text":"Gesture: Fist (No/Stop)","timestamp":"2025-11-04T02:35:10.488Z"}
[2025-11-04 03:35:10] Missing gesture_text. POST: [] RAW: {"text":"Gesture: Fist (No/Stop)","timestamp":"2025-11-04T02:35:10.529Z"}
[2025-11-04 03:35:10] Missing gesture_text. POST: [] RAW: {"text":"Gesture: Fist (No/Stop)","timestamp":"2025-11-04T02:35:10.558Z"}
[2025-11-04 03:35:10] Missing gesture_text. POST: [] RAW: {"text":"Gesture: Fist (No/Stop)","timestamp":"2025-11-04T02:35:10.586Z"}
[2025-11-04 03:35:10] Missing gesture_text. POST: [] RAW: {"text":"Gesture: Fist (No/Stop)","timestamp":"2025-11-04T02:35:10.626Z"}
[2025-11-04 03:35:10] Missing gesture_text. POST: [] RAW: {"text":"Gesture: Fist (No/Stop)","timestamp":"2025-11-04T02:35:10.646Z"}
[2025-11-04 03:35:10] Missing gesture_text. POST: [] RAW: {"text":"Gesture: Fist (No/Stop)","timestamp":"2025-11-04T02:35:10.680Z"}
[2025-11-04 03:35:10] Missing gesture_text. POST: [] RAW: {"text":"Gesture: Fist (No/Stop)","timestamp":"2025-11-04T02:35:10.710Z"}
[2025-11-04 03:35:10] Missing gesture_text. POST: [] RAW: {"text":"Gesture: Fist (No/Stop)","timestamp":"2025-11-04T02:35:10.749Z"}
[2025-11-04 03:35:10] Missing gesture_text. POST: [] RAW: {"text":"Gesture: Fist (No/Stop)","timestamp":"2025-11-04T02:35:10.777Z"}
[2025-11-04 03:35:10] Missing gesture_text. POST: [] RAW: {"text":"Gesture: Fist (No/Stop)","timestamp":"2025-11-04T02:35:10.820Z"}
[2025-11-04 03:35:10] Missing gesture_text. POST: [] RAW: {"text":"Gesture: Fist (No/Stop)","timestamp":"2025-11-04T02:35:10.855Z"}
[2025-11-04 03:35:10] Missing gesture_text. POST: [] RAW: {"text":"Gesture: Fist (No/Stop)","timestamp":"2025-11-04T02:35:10.887Z"}
[2025-11-04 03:35:10] Missing gesture_text. POST: [] RAW: {"text":"Gesture: Fist (No/Stop)","timestamp":"2025-11-04T02:35:10.927Z"}
[2025-11-04 03:35:10] Missing gesture_text. POST: [] RAW: {"text":"Gesture: Fist (No/Stop)","timestamp":"2025-11-04T02:35:10.956Z"}
[2025-11-04 03:35:11] Missing gesture_text. POST: [] RAW: {"text":"Gesture: Fist (No/Stop)","timestamp":"2025-11-04T02:35:10.987Z"}
[2025-11-04 03:35:11] Missing gesture_text. POST: [] RAW: {"text":"Gesture: Fist (No/Stop)","timestamp":"2025-11-04T02:35:11.016Z"}
[2025-11-04 03:35:11] Missing gesture_text. POST: [] RAW: {"text":"Gesture: Fist (No/Stop)","timestamp":"2025-11-04T02:35:11.047Z"}
[2025-11-04 03:35:11] Missing gesture_text. POST: [] RAW: {"text":"Gesture: Fist (No/Stop)","timestamp":"2025-11-04T02:35:11.081Z"}
[2025-11-04 03:35:11] Missing gesture_text. POST: [] RAW: {"text":"Gesture: Fist (No/Stop)","timestamp":"2025-11-04T02:35:11.112Z"}
[2025-11-04 03:35:11] Missing gesture_text. POST: [] RAW: {"text":"Gesture: Fist (No/Stop)","timestamp":"2025-11-04T02:35:11.165Z"}
[2025-11-04 03:35:11] Missing gesture_text. POST: [] RAW: {"text":"Gesture: Fist (No/Stop)","timestamp":"2025-11-04T02:35:11.199Z"}
[2025-11-04 03:35:11] Missing gesture_text. POST: [] RAW: {"text":"Gesture: Fist (No/Stop)","timestamp":"2025-11-04T02:35:11.229Z"}
[2025-11-04 03:35:11] Missing gesture_text. POST: [] RAW: {"text":"Gesture: Fist (No/Stop)","timestamp":"2025-11-04T02:35:11.268Z"}
[2025-11-04 03:35:11] Missing gesture_text. POST: [] RAW: {"text":"Gesture: Fist (No/Stop)","timestamp":"2025-11-04T02:35:11.296Z"}
[2025-11-04 03:35:11] Missing gesture_text. POST: [] RAW: {"text":"Gesture: Fist (No/Stop)","timestamp":"2025-11-04T02:35:11.327Z"}
[2025-11-04 03:35:11] Missing gesture_text. POST: [] RAW: {"text":"Gesture: Fist (No/Stop)","timestamp":"2025-11-04T02:35:11.366Z"}
[2025-11-04 03:35:11] Missing gesture_text. POST: [] RAW: {"text":"Gesture: Fist (No/Stop)","timestamp":"2025-11-04T02:35:11.382Z"}
[2025-11-04 03:35:11] Missing gesture_text. POST: [] RAW: {"text":"Gesture: Fist (No/Stop)","timestamp":"2025-11-04T02:35:11.426Z"}
[2025-11-04 03:35:11] Missing gesture_text. POST: [] RAW: {"text":"Gesture: Fist (No/Stop)","timestamp":"2025-11-04T02:35:11.445Z"}
[2025-11-04 03:35:11] Missing gesture_text. POST: [] RAW: {"text":"Gesture: Fist (No/Stop)","timestamp":"2025-11-04T02:35:11.501Z"}
[2025-11-04 03:35:11] Missing gesture_text. POST: [] RAW: {"text":"Gesture: Fist (No/Stop)","timestamp":"2025-11-04T02:35:11.518Z"}
[2025-11-04 03:35:11] Missing gesture_text. POST: [] RAW: {"text":"Gesture: Fist (No/Stop)","timestamp":"2025-11-04T02:35:11.560Z"}
[2025-11-04 03:35:11] Missing gesture_text. POST: [] RAW: {"text":"Gesture: Fist (No/Stop)","timestamp":"2025-11-04T02:35:11.602Z"}
[2025-11-04 03:35:11] Missing gesture_text. POST: [] RAW: {"text":"Gesture: Fist (No/Stop)","timestamp":"2025-11-04T02:35:11.630Z"}
[2025-11-04 03:35:11] Missing gesture_text. POST: [] RAW: {"text":"Gesture: Fist (No/Stop)","timestamp":"2025-11-04T02:35:11.674Z"}
[2025-11-04 03:35:11] Missing gesture_text. POST: [] RAW: {"text":"Gesture: Fist (No/Stop)","timestamp":"2025-11-04T02:35:11.699Z"}
[2025-11-04 03:35:11] Missing gesture_text. POST: [] RAW: {"text":"Gesture: Fist (No/Stop)","timestamp":"2025-11-04T02:35:11.743Z"}
[2025-11-04 03:35:11] Missing gesture_text. POST: [] RAW: {"text":"Gesture: Fist (No/Stop)","timestamp":"2025-11-04T02:35:11.765Z"}
[2025-11-04 03:35:11] Missing gesture_text. POST: [] RAW: {"text":"Gesture: Fist (No/Stop)","timestamp":"2025-11-04T02:35:11.807Z"}
[2025-11-04 03:35:11] Missing gesture_text. POST: [] RAW: {"text":"Gesture: Fist (No/Stop)","timestamp":"2025-11-04T02:35:11.830Z"}
[2025-11-04 03:35:11] Missing gesture_text. POST: [] RAW: {"text":"Gesture: Fist (No/Stop)","timestamp":"2025-11-04T02:35:11.883Z"}
[2025-11-04 03:35:11] Missing gesture_text. POST: [] RAW: {"text":"Gesture: Fist (No/Stop)","timestamp":"2025-11-04T02:35:11.903Z"}
[2025-11-04 03:35:11] Missing gesture_text. POST: [] RAW: {"text":"Gesture: Fist (No/Stop)","timestamp":"2025-11-04T02:35:11.943Z"}
[2025-11-04 03:35:11] Missing gesture_text. POST: [] RAW: {"text":"Gesture: Fist (No/Stop)","timestamp":"2025-11-04T02:35:11.966Z"}
[2025-11-04 03:35:12] Missing gesture_text. POST: [] RAW: {"text":"Gesture: Fist (No/Stop)","timestamp":"2025-11-04T02:35:12.019Z"}
[2025-11-04 03:35:12] Missing gesture_text. POST: [] RAW: {"text":"Gesture: Fist (No/Stop)","timestamp":"2025-11-04T02:35:12.040Z"}
[2025-11-04 03:35:12] Missing gesture_text. POST: [] RAW: {"text":"Gesture: Fist (No/Stop)","timestamp":"2025-11-04T02:35:12.087Z"}
[2025-11-04 03:35:12] Missing gesture_text. POST: [] RAW: {"text":"Gesture: Fist (No/Stop)","timestamp":"2025-11-04T02:35:12.106Z"}
[2025-11-04 03:35:12] Missing gesture_text. POST: [] RAW: {"text":"Gesture: Fist (No/Stop)","timestamp":"2025-11-04T02:35:12.146Z"}
[2025-11-04 03:35:12] Missing gesture_text. POST: [] RAW: {"text":"Gesture: Fist (No/Stop)","timestamp":"2025-11-04T02:35:12.166Z"}
[2025-11-04 03:35:12] Missing gesture_text. POST: [] RAW: {"text":"Gesture: Fist (No/Stop)","timestamp":"2025-11-04T02:35:12.212Z"}
[2025-11-04 03:35:12] Missing gesture_text. POST: [] RAW: {"text":"Gesture: Fist (No/Stop)","timestamp":"2025-11-04T02:35:12.232Z"}
[2025-11-04 03:35:12] Missing gesture_text. POST: [] RAW: {"text":"Gesture: Fist (No/Stop)","timestamp":"2025-11-04T02:35:12.284Z"}
[2025-11-04 03:35:12] Missing gesture_text. POST: [] RAW: {"text":"Gesture: Fist (No/Stop)","timestamp":"2025-11-04T02:35:12.305Z"}
[2025-11-04 03:35:12] Missing gesture_text. POST: [] RAW: {"text":"Gesture: Fist (No/Stop)","timestamp":"2025-11-04T02:35:12.360Z"}
[2025-11-04 03:35:12] Missing gesture_text. POST: [] RAW: {"text":"Gesture: Fist (No/Stop)","timestamp":"2025-11-04T02:35:12.387Z"}
[2025-11-04 03:35:12] Missing gesture_text. POST: [] RAW: {"text":"Gesture: Fist (No/Stop)","timestamp":"2025-11-04T02:35:12.432Z"}
[2025-11-04 03:35:12] Missing gesture_text. POST: [] RAW: {"text":"Gesture: Fist (No/Stop)","timestamp":"2025-11-04T02:35:12.452Z"}
[2025-11-04 03:35:12] Missing gesture_text. POST: [] RAW: {"text":"Gesture: Fist (No/Stop)","timestamp":"2025-11-04T02:35:12.520Z"}
[2025-11-04 03:35:12] Missing gesture_text. POST: [] RAW: {"text":"Gesture: Fist (No/Stop)","timestamp":"2025-11-04T02:35:12.543Z"}
[2025-11-04 03:35:12] Missing gesture_text. POST: [] RAW: {"text":"Gesture: Fist (No/Stop)","timestamp":"2025-11-04T02:35:12.601Z"}
[2025-11-04 03:35:12] Missing gesture_text. POST: [] RAW: {"text":"Gesture: Fist (No/Stop)","timestamp":"2025-11-04T02:35:12.628Z"}
[2025-11-04 03:35:12] Missing gesture_text. POST: [] RAW: {"text":"Gesture: Fist (No/Stop)","timestamp":"2025-11-04T02:35:12.687Z"}
[2025-11-04 03:35:12] Missing gesture_text. POST: [] RAW: {"text":"Gesture: Fist (No/Stop)","timestamp":"2025-11-04T02:35:12.712Z"}
[2025-11-04 03:35:12] Missing gesture_text. POST: [] RAW: {"text":"Gesture: Fist (No/Stop)","timestamp":"2025-11-04T02:35:12.762Z"}
[2025-11-04 03:35:12] Missing gesture_text. POST: [] RAW: {"text":"Gesture: Fist (No/Stop)","timestamp":"2025-11-04T02:35:12.788Z"}
[2025-11-04 03:35:12] Missing gesture_text. POST: [] RAW: {"text":"Gesture: Fist (No/Stop)","timestamp":"2025-11-04T02:35:12.861Z"}
[2025-11-04 03:35:12] Missing gesture_text. POST: [] RAW: {"text":"Gesture: Fist (No/Stop)","timestamp":"2025-11-04T02:35:12.887Z"}
[2025-11-04 03:35:12] Missing gesture_text. POST: [] RAW: {"text":"Gesture: Fist (No/Stop)","timestamp":"2025-11-04T02:35:12.936Z"}
[2025-11-04 03:35:12] Missing gesture_text. POST: [] RAW: {"text":"Gesture: Fist (No/Stop)","timestamp":"2025-11-04T02:35:12.961Z"}
[2025-11-04 03:35:13] Missing gesture_text. POST: [] RAW: {"text":"Gesture: Fist (No/Stop)","timestamp":"2025-11-04T02:35:13.014Z"}
[2025-11-04 03:35:13] Missing gesture_text. POST: [] RAW: {"text":"Gesture: Fist (No/Stop)","timestamp":"2025-11-04T02:35:13.038Z"}
[2025-11-04 03:35:13] Missing gesture_text. POST: [] RAW: {"text":"Gesture: Fist (No/Stop)","timestamp":"2025-11-04T02:35:13.086Z"}
[2025-11-04 03:35:13] Missing gesture_text. POST: [] RAW: {"text":"Gesture: Fist (No/Stop)","timestamp":"2025-11-04T02:35:13.108Z"}
[2025-11-04 03:35:13] Missing gesture_text. POST: [] RAW: {"text":"Gesture: Fist (No/Stop)","timestamp":"2025-11-04T02:35:13.154Z"}
[2025-11-04 03:35:13] Missing gesture_text. POST: [] RAW: {"text":"Gesture: Fist (No/Stop)","timestamp":"2025-11-04T02:35:13.175Z"}
[2025-11-04 03:35:13] Missing gesture_text. POST: [] RAW: {"text":"Gesture: Fist (No/Stop)","timestamp":"2025-11-04T02:35:13.234Z"}
[2025-11-04 03:35:13] Missing gesture_text. POST: [] RAW: {"text":"Gesture: Fist (No/Stop)","timestamp":"2025-11-04T02:35:13.262Z"}
[2025-11-04 03:35:13] Missing gesture_text. POST: [] RAW: {"text":"Gesture: Fist (No/Stop)","timestamp":"2025-11-04T02:35:13.312Z"}
[2025-11-04 03:35:13] Missing gesture_text. POST: [] RAW: {"text":"Gesture: Fist (No/Stop)","timestamp":"2025-11-04T02:35:13.334Z"}
[2025-11-04 03:35:13] Missing gesture_text. POST: [] RAW: {"text":"Gesture: Fist (No/Stop)","timestamp":"2025-11-04T02:35:13.381Z"}
[2025-11-04 03:35:13] Missing gesture_text. POST: [] RAW: {"text":"Gesture: Fist (No/Stop)","timestamp":"2025-11-04T02:35:13.400Z"}
[2025-11-04 03:35:13] Missing gesture_text. POST: [] RAW: {"text":"Gesture: Fist (No/Stop)","timestamp":"2025-11-04T02:35:13.449Z"}
[2025-11-04 03:35:13] Missing gesture_text. POST: [] RAW: {"text":"Gesture: Fist (No/Stop)","timestamp":"2025-11-04T02:35:13.471Z"}
[2025-11-04 03:35:13] Missing gesture_text. POST: [] RAW: {"text":"Gesture: Fist (No/Stop)","timestamp":"2025-11-04T02:35:13.530Z"}
[2025-11-04 03:35:13] Missing gesture_text. POST: [] RAW: {"text":"Gesture: Fist (No/Stop)","timestamp":"2025-11-04T02:35:13.559Z"}
[2025-11-04 03:35:13] Missing gesture_text. POST: [] RAW: {"text":"Gesture: Fist (No/Stop)","timestamp":"2025-11-04T02:35:13.602Z"}
[2025-11-04 03:35:13] Missing gesture_text. POST: [] RAW: {"text":"Gesture: Fist (No/Stop)","timestamp":"2025-11-04T02:35:13.622Z"}
[2025-11-04 03:35:13] Missing gesture_text. POST: [] RAW: {"text":"Gesture: Fist (No/Stop)","timestamp":"2025-11-04T02:35:13.663Z"}
[2025-11-04 03:35:13] Missing gesture_text. POST: [] RAW: {"text":"Gesture: Fist (No/Stop)","timestamp":"2025-11-04T02:35:13.685Z"}
[2025-11-04 03:35:13] Missing gesture_text. POST: [] RAW: {"text":"Gesture: Fist (No/Stop)","timestamp":"2025-11-04T02:35:13.727Z"}
[2025-11-04 03:35:13] Missing gesture_text. POST: [] RAW: {"text":"Gesture: Fist (No/Stop)","timestamp":"2025-11-04T02:35:13.756Z"}
[2025-11-04 03:35:13] Missing gesture_text. POST: [] RAW: {"text":"Gesture: Fist (No/Stop)","timestamp":"2025-11-04T02:35:13.815Z"}
[2025-11-04 03:35:13] Missing gesture_text. POST: [] RAW: {"text":"Gesture: Fist (No/Stop)","timestamp":"2025-11-04T02:35:13.838Z"}
[2025-11-04 03:35:13] Missing gesture_text. POST: [] RAW: {"text":"Gesture: Fist (No/Stop)","timestamp":"2025-11-04T02:35:13.866Z"}
[2025-11-04 03:35:13] Missing gesture_text. POST: [] RAW: {"text":"Gesture: Fist (No/Stop)","timestamp":"2025-11-04T02:35:13.897Z"}
[2025-11-04 03:35:13] Missing gesture_text. POST: [] RAW: {"text":"Gesture: Fist (No/Stop)","timestamp":"2025-11-04T02:35:13.924Z"}
[2025-11-04 03:35:13] Missing gesture_text. POST: [] RAW: {"text":"Gesture: Fist (No/Stop)","timestamp":"2025-11-04T02:35:13.959Z"}
[2025-11-04 03:35:14] Missing gesture_text. POST: [] RAW: {"text":"Gesture: Fist (No/Stop)","timestamp":"2025-11-04T02:35:13.990Z"}
[2025-11-04 03:35:14] Missing gesture_text. POST: [] RAW: {"text":"Gesture: Fist (No/Stop)","timestamp":"2025-11-04T02:35:14.018Z"}
[2025-11-04 03:35:14] Missing gesture_text. POST: [] RAW: {"text":"Gesture: Fist (No/Stop)","timestamp":"2025-11-04T02:35:14.059Z"}
[2025-11-04 03:35:14] Missing gesture_text. POST: [] RAW: {"text":"Gesture: Fist (No/Stop)","timestamp":"2025-11-04T02:35:14.078Z"}
[2025-11-04 03:35:14] Missing gesture_text. POST: [] RAW: {"text":"Gesture: Fist (No/Stop)","timestamp":"2025-11-04T02:35:14.113Z"}
[2025-11-04 03:35:14] Missing gesture_text. POST: [] RAW: {"text":"Gesture: Fist (No/Stop)","timestamp":"2025-11-04T02:35:14.148Z"}
[2025-11-04 03:35:14] Missing gesture_text. POST: [] RAW: {"text":"Gesture: Fist (No/Stop)","timestamp":"2025-11-04T02:35:14.189Z"}
[2025-11-04 03:35:14] Missing gesture_text. POST: [] RAW: {"text":"Gesture: Fist (No/Stop)","timestamp":"2025-11-04T02:35:14.222Z"}
[2025-11-04 03:35:14] Missing gesture_text. POST: [] RAW: {"text":"Gesture: Fist (No/Stop)","timestamp":"2025-11-04T02:35:14.270Z"}
[2025-11-04 03:35:14] Missing gesture_text. POST: [] RAW: {"text":"Gesture: Fist (No/Stop)","timestamp":"2025-11-04T02:35:14.293Z"}
[2025-11-04 03:35:14] Missing gesture_text. POST: [] RAW: {"text":"Gesture: Fist (No/Stop)","timestamp":"2025-11-04T02:35:14.341Z"}
[2025-11-04 03:35:14] Missing gesture_text. POST: [] RAW: {"text":"Gesture: Fist (No/Stop)","timestamp":"2025-11-04T02:35:14.359Z"}
[2025-11-04 03:35:14] Missing gesture_text. POST: [] RAW: {"text":"Gesture: Fist (No/Stop)","timestamp":"2025-11-04T02:35:14.390Z"}
[2025-11-04 03:35:14] Missing gesture_text. POST: [] RAW: {"text":"Gesture: Fist (No/Stop)","timestamp":"2025-11-04T02:35:14.422Z"}
[2025-11-04 03:35:14] Missing gesture_text. POST: [] RAW: {"text":"Gesture: Fist (No/Stop)","timestamp":"2025-11-04T02:35:14.452Z"}
[2025-11-04 03:35:14] Missing gesture_text. POST: [] RAW: {"text":"Gesture: Fist (No/Stop)","timestamp":"2025-11-04T02:35:14.481Z"}
[2025-11-04 03:35:14] Missing gesture_text. POST: [] RAW: {"text":"Gesture: Fist (No/Stop)","timestamp":"2025-11-04T02:35:14.515Z"}
[2025-11-04 03:35:14] Missing gesture_text. POST: [] RAW: {"text":"Gesture: Fist (No/Stop)","timestamp":"2025-11-04T02:35:14.555Z"}
[2025-11-04 03:35:14] Missing gesture_text. POST: [] RAW: {"text":"Gesture: Fist (No/Stop)","timestamp":"2025-11-04T02:35:14.591Z"}
[2025-11-04 03:35:14] Missing gesture_text. POST: [] RAW: {"text":"Gesture: Fist (No/Stop)","timestamp":"2025-11-04T02:35:14.618Z"}
[2025-11-04 03:35:14] Missing gesture_text. POST: [] RAW: {"text":"Gesture: Fist (No/Stop)","timestamp":"2025-11-04T02:35:14.653Z"}
[2025-11-04 03:35:14] Missing gesture_text. POST: [] RAW: {"text":"Gesture: Fist (No/Stop)","timestamp":"2025-11-04T02:35:14.681Z"}
[2025-11-04 03:35:14] Missing gesture_text. POST: [] RAW: {"text":"Gesture: Fist (No/Stop)","timestamp":"2025-11-04T02:35:14.712Z"}
[2025-11-04 03:35:14] Missing gesture_text. POST: [] RAW: {"text":"Gesture: Fist (No/Stop)","timestamp":"2025-11-04T02:35:14.750Z"}
[2025-11-04 03:35:14] Missing gesture_text. POST: [] RAW: {"text":"Gesture: Fist (No/Stop)","timestamp":"2025-11-04T02:35:14.779Z"}
[2025-11-04 03:35:14] Missing gesture_text. POST: [] RAW: {"text":"Gesture: Fist (No/Stop)","timestamp":"2025-11-04T02:35:14.811Z"}
[2025-11-04 03:35:14] Missing gesture_text. POST: [] RAW: {"text":"Gesture: Fist (No/Stop)","timestamp":"2025-11-04T02:35:14.858Z"}
[2025-11-04 03:35:14] Missing gesture_text. POST: [] RAW: {"text":"Gesture: Fist (No/Stop)","timestamp":"2025-11-04T02:35:14.890Z"}
[2025-11-04 03:35:14] Missing gesture_text. POST: [] RAW: {"text":"Gesture: Fist (No/Stop)","timestamp":"2025-11-04T02:35:14.922Z"}
[2025-11-04 03:35:14] Missing gesture_text. POST: [] RAW: {"text":"Gesture: Fist (No/Stop)","timestamp":"2025-11-04T02:35:14.954Z"}
[2025-11-04 03:35:15] Missing gesture_text. POST: [] RAW: {"text":"Gesture: Fist (No/Stop)","timestamp":"2025-11-04T02:35:14.988Z"}
[2025-11-04 03:35:15] Missing gesture_text. POST: [] RAW: {"text":"Gesture: Fist (No/Stop)","timestamp":"2025-11-04T02:35:15.019Z"}
[2025-11-04 03:35:15] Missing gesture_text. POST: [] RAW: {"text":"Gesture: Fist (No/Stop)","timestamp":"2025-11-04T02:35:15.055Z"}
[2025-11-04 03:35:22] Missing gesture_text. POST: [] RAW: {"text":"Gesture: Four","timestamp":"2025-11-04T02:35:22.829Z"}
[2025-11-04 03:35:22] Missing gesture_text. POST: [] RAW: {"text":"Gesture: Three","timestamp":"2025-11-04T02:35:22.882Z"}
[2025-11-04 03:35:22] Missing gesture_text. POST: [] RAW: {"text":"Gesture: Three","timestamp":"2025-11-04T02:35:22.927Z"}
[2025-11-04 03:35:22] Missing gesture_text. POST: [] RAW: {"text":"Gesture: Three","timestamp":"2025-11-04T02:35:22.970Z"}
[2025-11-04 03:35:23] Missing gesture_text. POST: [] RAW: {"text":"Gesture: Four","timestamp":"2025-11-04T02:35:23.012Z"}
[2025-11-04 03:35:23] Missing gesture_text. POST: [] RAW: {"text":"Gesture: Four","timestamp":"2025-11-04T02:35:23.059Z"}
[2025-11-04 03:35:23] Missing gesture_text. POST: [] RAW: {"text":"Gesture: Four","timestamp":"2025-11-04T02:35:23.090Z"}
[2025-11-04 03:35:23] Missing gesture_text. POST: [] RAW: {"text":"Gesture: Four","timestamp":"2025-11-04T02:35:23.117Z"}
[2025-11-04 03:35:23] Missing gesture_text. POST: [] RAW: {"text":"Gesture: Four","timestamp":"2025-11-04T02:35:23.143Z"}
[2025-11-04 03:35:23] Missing gesture_text. POST: [] RAW: {"text":"Gesture: Four","timestamp":"2025-11-04T02:35:23.175Z"}
[2025-11-04 03:35:23] Missing gesture_text. POST: [] RAW: {"text":"Gesture: Four","timestamp":"2025-11-04T02:35:23.216Z"}
[2025-11-04 03:35:23] Missing gesture_text. POST: [] RAW: {"text":"Gesture: Four","timestamp":"2025-11-04T02:35:23.247Z"}
[2025-11-04 03:35:23] Missing gesture_text. POST: [] RAW: {"text":"Gesture: Four","timestamp":"2025-11-04T02:35:23.287Z"}
[2025-11-04 03:35:23] Missing gesture_text. POST: [] RAW: {"text":"Gesture: Four","timestamp":"2025-11-04T02:35:23.325Z"}
[2025-11-04 03:35:23] Missing gesture_text. POST: [] RAW: {"text":"Gesture: Four","timestamp":"2025-11-04T02:35:23.358Z"}
[2025-11-04 03:35:23] Missing gesture_text. POST: [] RAW: {"text":"Gesture: Three","timestamp":"2025-11-04T02:35:23.390Z"}
[2025-11-04 03:35:23] Missing gesture_text. POST: [] RAW: {"text":"Gesture: Three","timestamp":"2025-11-04T02:35:23.422Z"}
[2025-11-04 03:35:23] Missing gesture_text. POST: [] RAW: {"text":"Gesture: Peace/Victory","timestamp":"2025-11-04T02:35:23.452Z"}
[2025-11-04 03:35:23] Missing gesture_text. POST: [] RAW: {"text":"Gesture: Point/You","timestamp":"2025-11-04T02:35:23.496Z"}
[2025-11-04 03:35:23] Missing gesture_text. POST: [] RAW: {"text":"Gesture: Point/You","timestamp":"2025-11-04T02:35:23.516Z"}
[2025-11-04 03:35:23] Missing gesture_text. POST: [] RAW: {"text":"Gesture: Point/You","timestamp":"2025-11-04T02:35:23.563Z"}
[2025-11-04 03:35:23] Missing gesture_text. POST: [] RAW: {"text":"Gesture: Point/You","timestamp":"2025-11-04T02:35:23.588Z"}
[2025-11-04 03:35:23] Missing gesture_text. POST: [] RAW: {"text":"Gesture: Fist (No/Stop)","timestamp":"2025-11-04T02:35:23.629Z"}
[2025-11-04 03:35:23] Missing gesture_text. POST: [] RAW: {"text":"Gesture: Fist (No/Stop)","timestamp":"2025-11-04T02:35:23.665Z"}
[2025-11-04 03:35:23] Missing gesture_text. POST: [] RAW: {"text":"Gesture: Fist (No/Stop)","timestamp":"2025-11-04T02:35:23.699Z"}
[2025-11-04 03:35:23] Missing gesture_text. POST: [] RAW: {"text":"Gesture: Fist (No/Stop)","timestamp":"2025-11-04T02:35:23.730Z"}
[2025-11-04 03:35:23] Missing gesture_text. POST: [] RAW: {"text":"Gesture: Fist (No/Stop)","timestamp":"2025-11-04T02:35:23.765Z"}
[2025-11-04 03:35:23] Missing gesture_text. POST: [] RAW: {"text":"Gesture: Fist (No/Stop)","timestamp":"2025-11-04T02:35:23.795Z"}
[2025-11-04 03:35:23] Missing gesture_text. POST: [] RAW: {"text":"Gesture: Fist (No/Stop)","timestamp":"2025-11-04T02:35:23.827Z"}
[2025-11-04 03:35:23] Missing gesture_text. POST: [] RAW: {"text":"Gesture: Call Me","timestamp":"2025-11-04T02:35:23.863Z"}
[2025-11-04 03:35:23] Missing gesture_text. POST: [] RAW: {"text":"Gesture: Call Me","timestamp":"2025-11-04T02:35:23.895Z"}
[2025-11-04 03:35:23] Missing gesture_text. POST: [] RAW: {"text":"Gesture: Call Me","timestamp":"2025-11-04T02:35:23.933Z"}
[2025-11-04 03:35:23] Missing gesture_text. POST: [] RAW: {"text":"Gesture: Call Me","timestamp":"2025-11-04T02:35:23.970Z"}
[2025-11-04 03:35:24] Missing gesture_text. POST: [] RAW: {"text":"Gesture: Call Me","timestamp":"2025-11-04T02:35:24.001Z"}
[2025-11-04 03:35:24] Missing gesture_text. POST: [] RAW: {"text":"Gesture: Call Me","timestamp":"2025-11-04T02:35:24.033Z"}
[2025-11-04 03:35:24] Missing gesture_text. POST: [] RAW: {"text":"Gesture: Call Me","timestamp":"2025-11-04T02:35:24.067Z"}
[2025-11-04 03:35:24] Missing gesture_text. POST: [] RAW: {"text":"Gesture: Call Me","timestamp":"2025-11-04T02:35:24.101Z"}
[2025-11-04 03:35:24] Missing gesture_text. POST: [] RAW: {"text":"Gesture: I Love You","timestamp":"2025-11-04T02:35:24.126Z"}
[2025-11-04 03:35:24] Missing gesture_text. POST: [] RAW: {"text":"Gesture: Point/You","timestamp":"2025-11-04T02:35:24.157Z"}
[2025-11-04 03:35:24] Missing gesture_text. POST: [] RAW: {"text":"Gesture: Point/You","timestamp":"2025-11-04T02:35:24.189Z"}
[2025-11-04 03:35:24] Missing gesture_text. POST: [] RAW: {"text":"Gesture: Fist (No/Stop)","timestamp":"2025-11-04T02:35:24.221Z"}
[2025-11-04 03:35:24] Missing gesture_text. POST: [] RAW: {"text":"Gesture: Fist (No/Stop)","timestamp":"2025-11-04T02:35:24.266Z"}
[2025-11-04 03:35:24] Missing gesture_text. POST: [] RAW: {"text":"Gesture: Fist (No/Stop)","timestamp":"2025-11-04T02:35:24.303Z"}
[2025-11-04 03:35:24] Missing gesture_text. POST: [] RAW: {"text":"Gesture: Fist (No/Stop)","timestamp":"2025-11-04T02:35:24.331Z"}
[2025-11-04 03:35:24] Missing gesture_text. POST: [] RAW: {"text":"Gesture: Fist (No/Stop)","timestamp":"2025-11-04T02:35:24.363Z"}
[2025-11-04 03:35:24] Missing gesture_text. POST: [] RAW: {"text":"Gesture: Fist (No/Stop)","timestamp":"2025-11-04T02:35:24.400Z"}
[2025-11-04 03:35:24] Missing gesture_text. POST: [] RAW: {"text":"Gesture: Fist (No/Stop)","timestamp":"2025-11-04T02:35:24.433Z"}
[2025-11-04 03:35:24] Missing gesture_text. POST: [] RAW: {"text":"Gesture: Fist (No/Stop)","timestamp":"2025-11-04T02:35:24.462Z"}
[2025-11-04 03:35:24] Missing gesture_text. POST: [] RAW: {"text":"Gesture: Fist (No/Stop)","timestamp":"2025-11-04T02:35:24.490Z"}
[2025-11-04 03:35:24] Missing gesture_text. POST: [] RAW: {"text":"Gesture: Fist (No/Stop)","timestamp":"2025-11-04T02:35:24.526Z"}
[2025-11-04 03:35:24] Missing gesture_text. POST: [] RAW: {"text":"Gesture: Fist (No/Stop)","timestamp":"2025-11-04T02:35:24.556Z"}
[2025-11-04 03:35:24] Missing gesture_text. POST: [] RAW: {"text":"Gesture: Fist (No/Stop)","timestamp":"2025-11-04T02:35:24.602Z"}
[2025-11-04 03:35:24] Missing gesture_text. POST: [] RAW: {"text":"Gesture: Fist (No/Stop)","timestamp":"2025-11-04T02:35:24.633Z"}
[2025-11-04 03:35:24] Missing gesture_text. POST: [] RAW: {"text":"Gesture: Fist (No/Stop)","timestamp":"2025-11-04T02:35:24.673Z"}
[2025-11-04 03:35:24] Missing gesture_text. POST: [] RAW: {"text":"Gesture: Fist (No/Stop)","timestamp":"2025-11-04T02:35:24.706Z"}
[2025-11-04 03:35:24] Missing gesture_text. POST: [] RAW: {"text":"Gesture: Fist (No/Stop)","timestamp":"2025-11-04T02:35:24.737Z"}
[2025-11-04 03:35:24] Missing gesture_text. POST: [] RAW: {"text":"Gesture: Fist (No/Stop)","timestamp":"2025-11-04T02:35:24.768Z"}
[2025-11-04 03:35:24] Missing gesture_text. POST: [] RAW: {"text":"Gesture: Fist (No/Stop)","timestamp":"2025-11-04T02:35:24.798Z"}
[2025-11-04 03:35:24] Missing gesture_text. POST: [] RAW: {"text":"Gesture: Fist (No/Stop)","timestamp":"2025-11-04T02:35:24.830Z"}
[2025-11-04 03:35:24] Missing gesture_text. POST: [] RAW: {"text":"Gesture: Fist (No/Stop)","timestamp":"2025-11-04T02:35:24.868Z"}
[2025-11-04 03:35:24] Missing gesture_text. POST: [] RAW: {"text":"Gesture: Fist (No/Stop)","timestamp":"2025-11-04T02:35:24.907Z"}
[2025-11-04 03:35:24] Missing gesture_text. POST: [] RAW: {"text":"Gesture: Fist (No/Stop)","timestamp":"2025-11-04T02:35:24.952Z"}
[2025-11-04 03:35:25] Missing gesture_text. POST: [] RAW: {"text":"Gesture: Fist (No/Stop)","timestamp":"2025-11-04T02:35:24.986Z"}
[2025-11-04 03:35:25] Missing gesture_text. POST: [] RAW: {"text":"Gesture: Fist (No/Stop)","timestamp":"2025-11-04T02:35:25.020Z"}
[2025-11-04 03:35:25] Missing gesture_text. POST: [] RAW: {"text":"Gesture: Fist (No/Stop)","timestamp":"2025-11-04T02:35:25.053Z"}
[2025-11-04 03:35:25] Missing gesture_text. POST: [] RAW: {"text":"Gesture: Fist (No/Stop)","timestamp":"2025-11-04T02:35:25.084Z"}
[2025-11-04 03:35:25] Missing gesture_text. POST: [] RAW: {"text":"Gesture: Fist (No/Stop)","timestamp":"2025-11-04T02:35:25.120Z"}
[2025-11-04 03:35:25] Missing gesture_text. POST: [] RAW: {"text":"Gesture: Fist (No/Stop)","timestamp":"2025-11-04T02:35:25.156Z"}
[2025-11-04 03:35:25] Missing gesture_text. POST: [] RAW: {"text":"Gesture: Fist (No/Stop)","timestamp":"2025-11-04T02:35:25.186Z"}
[2025-11-04 03:35:25] Missing gesture_text. POST: [] RAW: {"text":"Gesture: Fist (No/Stop)","timestamp":"2025-11-04T02:35:25.214Z"}
[2025-11-04 03:35:25] Missing gesture_text. POST: [] RAW: {"text":"Gesture: Fist (No/Stop)","timestamp":"2025-11-04T02:35:25.244Z"}
[2025-11-04 03:35:25] Missing gesture_text. POST: [] RAW: {"text":"Gesture: Fist (No/Stop)","timestamp":"2025-11-04T02:35:25.280Z"}
[2025-11-04 03:35:25] Missing gesture_text. POST: [] RAW: {"text":"Gesture: Fist (No/Stop)","timestamp":"2025-11-04T02:35:25.308Z"}
[2025-11-04 03:35:25] Missing gesture_text. POST: [] RAW: {"text":"Gesture: Fist (No/Stop)","timestamp":"2025-11-04T02:35:25.352Z"}
[2025-11-04 03:35:25] Missing gesture_text. POST: [] RAW: {"text":"Gesture: Fist (No/Stop)","timestamp":"2025-11-04T02:35:25.391Z"}
[2025-11-04 03:35:25] Missing gesture_text. POST: [] RAW: {"text":"Gesture: Fist (No/Stop)","timestamp":"2025-11-04T02:35:25.432Z"}
[2025-11-04 03:35:25] Missing gesture_text. POST: [] RAW: {"text":"Gesture: Fist (No/Stop)","timestamp":"2025-11-04T02:35:25.463Z"}
[2025-11-04 03:35:25] Missing gesture_text. POST: [] RAW: {"text":"Gesture: Fist (No/Stop)","timestamp":"2025-11-04T02:35:25.493Z"}
[2025-11-04 03:35:25] Missing gesture_text. POST: [] RAW: {"text":"Gesture: Fist (No/Stop)","timestamp":"2025-11-04T02:35:25.523Z"}
[2025-11-04 03:35:25] Missing gesture_text. POST: [] RAW: {"text":"Gesture: Fist (No/Stop)","timestamp":"2025-11-04T02:35:25.551Z"}
[2025-11-04 03:35:25] Missing gesture_text. POST: [] RAW: {"text":"Gesture: Fist (No/Stop)","timestamp":"2025-11-04T02:35:25.580Z"}
[2025-11-04 03:35:25] Missing gesture_text. POST: [] RAW: {"text":"Gesture: Fist (No/Stop)","timestamp":"2025-11-04T02:35:25.609Z"}
[2025-11-04 03:35:25] Missing gesture_text. POST: [] RAW: {"text":"Gesture: Fist (No/Stop)","timestamp":"2025-11-04T02:35:25.650Z"}
[2025-11-04 03:35:25] Missing gesture_text. POST: [] RAW: {"text":"Gesture: Fist (No/Stop)","timestamp":"2025-11-04T02:35:25.677Z"}
[2025-11-04 03:35:25] Missing gesture_text. POST: [] RAW: {"text":"Gesture: Fist (No/Stop)","timestamp":"2025-11-04T02:35:25.705Z"}
[2025-11-04 03:35:25] Missing gesture_text. POST: [] RAW: {"text":"Gesture: Fist (No/Stop)","timestamp":"2025-11-04T02:35:25.747Z"}
[2025-11-04 03:35:25] Missing gesture_text. POST: [] RAW: {"text":"Gesture: Fist (No/Stop)","timestamp":"2025-11-04T02:35:25.781Z"}
[2025-11-04 03:35:25] Missing gesture_text. POST: [] RAW: {"text":"Gesture: Fist (No/Stop)","timestamp":"2025-11-04T02:35:25.820Z"}
[2025-11-04 03:35:25] Missing gesture_text. POST: [] RAW: {"text":"Gesture: Fist (No/Stop)","timestamp":"2025-11-04T02:35:25.856Z"}
[2025-11-04 03:35:25] Missing gesture_text. POST: [] RAW: {"text":"Gesture: Fist (No/Stop)","timestamp":"2025-11-04T02:35:25.895Z"}
[2025-11-04 03:35:25] Missing gesture_text. POST: [] RAW: {"text":"Gesture: Fist (No/Stop)","timestamp":"2025-11-04T02:35:25.937Z"}
[2025-11-04 03:35:25] Missing gesture_text. POST: [] RAW: {"text":"Gesture: Fist (No/Stop)","timestamp":"2025-11-04T02:35:25.977Z"}
[2025-11-04 03:35:26] Missing gesture_text. POST: [] RAW: {"text":"Gesture: Fist (No/Stop)","timestamp":"2025-11-04T02:35:26.025Z"}
[2025-11-04 03:35:26] Missing gesture_text. POST: [] RAW: {"text":"Gesture: Fist (No/Stop)","timestamp":"2025-11-04T02:35:26.069Z"}
[2025-11-04 03:35:26] Missing gesture_text. POST: [] RAW: {"text":"Gesture: Fist (No/Stop)","timestamp":"2025-11-04T02:35:26.116Z"}
[2025-11-04 03:35:26] Missing gesture_text. POST: [] RAW: {"text":"Gesture: Fist (No/Stop)","timestamp":"2025-11-04T02:35:26.165Z"}
[2025-11-04 03:35:26] Missing gesture_text. POST: [] RAW: {"text":"Gesture: Fist (No/Stop)","timestamp":"2025-11-04T02:35:26.211Z"}
[2025-11-04 03:35:26] Missing gesture_text. POST: [] RAW: {"text":"Gesture: Fist (No/Stop)","timestamp":"2025-11-04T02:35:26.257Z"}
[2025-11-04 03:35:26] Missing gesture_text. POST: [] RAW: {"text":"Gesture: Fist (No/Stop)","timestamp":"2025-11-04T02:35:26.304Z"}
[2025-11-04 03:35:26] Missing gesture_text. POST: [] RAW: {"text":"Gesture: Fist (No/Stop)","timestamp":"2025-11-04T02:35:26.351Z"}
[2025-11-04 03:35:26] Missing gesture_text. POST: [] RAW: {"text":"Gesture: Fist (No/Stop)","timestamp":"2025-11-04T02:35:26.394Z"}
[2025-11-04 03:35:26] Missing gesture_text. POST: [] RAW: {"text":"Gesture: Fist (No/Stop)","timestamp":"2025-11-04T02:35:26.435Z"}
[2025-11-04 03:35:26] Missing gesture_text. POST: [] RAW: {"text":"Gesture: Fist (No/Stop)","timestamp":"2025-11-04T02:35:26.473Z"}
[2025-11-04 03:35:26] Missing gesture_text. POST: [] RAW: {"text":"Gesture: Fist (No/Stop)","timestamp":"2025-11-04T02:35:26.510Z"}
[2025-11-04 03:35:26] Missing gesture_text. POST: [] RAW: {"text":"Gesture: Fist (No/Stop)","timestamp":"2025-11-04T02:35:26.545Z"}
[2025-11-04 03:35:26] Missing gesture_text. POST: [] RAW: {"text":"Gesture: Fist (No/Stop)","timestamp":"2025-11-04T02:35:26.577Z"}
[2025-11-04 03:35:26] Missing gesture_text. POST: [] RAW: {"text":"Gesture: Fist (No/Stop)","timestamp":"2025-11-04T02:35:26.616Z"}
[2025-11-04 03:35:26] Missing gesture_text. POST: [] RAW: {"text":"Gesture: Fist (No/Stop)","timestamp":"2025-11-04T02:35:26.654Z"}
[2025-11-04 03:35:26] Missing gesture_text. POST: [] RAW: {"text":"Gesture: Fist (No/Stop)","timestamp":"2025-11-04T02:35:26.693Z"}
[2025-11-04 03:35:26] Missing gesture_text. POST: [] RAW: {"text":"Gesture: Fist (No/Stop)","timestamp":"2025-11-04T02:35:26.725Z"}
[2025-11-04 03:35:26] Missing gesture_text. POST: [] RAW: {"text":"Gesture: Fist (No/Stop)","timestamp":"2025-11-04T02:35:26.751Z"}
[2025-11-04 03:35:26] Missing gesture_text. POST: [] RAW: {"text":"Gesture: Fist (No/Stop)","timestamp":"2025-11-04T02:35:26.779Z"}
[2025-11-04 03:35:26] Missing gesture_text. POST: [] RAW: {"text":"Gesture: Fist (No/Stop)","timestamp":"2025-11-04T02:35:26.821Z"}
[2025-11-04 03:35:26] Missing gesture_text. POST: [] RAW: {"text":"Gesture: Fist (No/Stop)","timestamp":"2025-11-04T02:35:26.858Z"}
[2025-11-04 03:35:26] Missing gesture_text. POST: [] RAW: {"text":"Gesture: Fist (No/Stop)","timestamp":"2025-11-04T02:35:26.902Z"}
[2025-11-04 03:35:26] Missing gesture_text. POST: [] RAW: {"text":"Gesture: Fist (No/Stop)","timestamp":"2025-11-04T02:35:26.937Z"}
[2025-11-04 03:35:26] Missing gesture_text. POST: [] RAW: {"text":"Gesture: Fist (No/Stop)","timestamp":"2025-11-04T02:35:26.972Z"}
[2025-11-04 03:35:27] Missing gesture_text. POST: [] RAW: {"text":"Gesture: Fist (No/Stop)","timestamp":"2025-11-04T02:35:27.002Z"}
[2025-11-04 03:35:27] Missing gesture_text. POST: [] RAW: {"text":"Gesture: Fist (No/Stop)","timestamp":"2025-11-04T02:35:27.031Z"}
[2025-11-04 03:35:27] Missing gesture_text. POST: [] RAW: {"text":"Gesture: Fist (No/Stop)","timestamp":"2025-11-04T02:35:27.068Z"}
[2025-11-04 03:35:27] Missing gesture_text. POST: [] RAW: {"text":"Gesture: Fist (No/Stop)","timestamp":"2025-11-04T02:35:27.104Z"}
[2025-11-04 03:35:27] Missing gesture_text. POST: [] RAW: {"text":"Gesture: Fist (No/Stop)","timestamp":"2025-11-04T02:35:27.139Z"}
[2025-11-04 03:35:27] Missing gesture_text. POST: [] RAW: {"text":"Gesture: Fist (No/Stop)","timestamp":"2025-11-04T02:35:27.173Z"}
[2025-11-04 03:35:27] Missing gesture_text. POST: [] RAW: {"text":"Gesture: Fist (No/Stop)","timestamp":"2025-11-04T02:35:27.203Z"}
[2025-11-04 03:35:27] Missing gesture_text. POST: [] RAW: {"text":"Gesture: Fist (No/Stop)","timestamp":"2025-11-04T02:35:27.232Z"}
[2025-11-04 03:35:27] Missing gesture_text. POST: [] RAW: {"text":"Gesture: Fist (No/Stop)","timestamp":"2025-11-04T02:35:27.258Z"}
[2025-11-04 03:35:27] Missing gesture_text. POST: [] RAW: {"text":"Gesture: Fist (No/Stop)","timestamp":"2025-11-04T02:35:27.294Z"}
[2025-11-04 03:35:27] Missing gesture_text. POST: [] RAW: {"text":"Gesture: Fist (No/Stop)","timestamp":"2025-11-04T02:35:27.322Z"}
[2025-11-04 03:35:27] Missing gesture_text. POST: [] RAW: {"text":"Gesture: Fist (No/Stop)","timestamp":"2025-11-04T02:35:27.354Z"}
[2025-11-04 03:35:27] Missing gesture_text. POST: [] RAW: {"text":"Gesture: Fist (No/Stop)","timestamp":"2025-11-04T02:35:27.396Z"}
[2025-11-04 03:35:27] Missing gesture_text. POST: [] RAW: {"text":"Gesture: Fist (No/Stop)","timestamp":"2025-11-04T02:35:27.435Z"}
[2025-11-04 03:35:27] Missing gesture_text. POST: [] RAW: {"text":"Gesture: Fist (No/Stop)","timestamp":"2025-11-04T02:35:27.468Z"}
[2025-11-04 03:35:27] Missing gesture_text. POST: [] RAW: {"text":"Gesture: Fist (No/Stop)","timestamp":"2025-11-04T02:35:27.502Z"}
[2025-11-04 03:35:27] Missing gesture_text. POST: [] RAW: {"text":"Gesture: Fist (No/Stop)","timestamp":"2025-11-04T02:35:27.539Z"}
[2025-11-04 03:35:27] Missing gesture_text. POST: [] RAW: {"text":"Gesture: Fist (No/Stop)","timestamp":"2025-11-04T02:35:27.573Z"}
[2025-11-04 03:35:27] Missing gesture_text. POST: [] RAW: {"text":"Gesture: Fist (No/Stop)","timestamp":"2025-11-04T02:35:27.610Z"}
[2025-11-04 03:35:27] Missing gesture_text. POST: [] RAW: {"text":"Gesture: Fist (No/Stop)","timestamp":"2025-11-04T02:35:27.649Z"}
[2025-11-04 03:35:27] Missing gesture_text. POST: [] RAW: {"text":"Gesture: Fist (No/Stop)","timestamp":"2025-11-04T02:35:27.689Z"}
[2025-11-04 03:35:27] Missing gesture_text. POST: [] RAW: {"text":"Gesture: Fist (No/Stop)","timestamp":"2025-11-04T02:35:27.734Z"}
[2025-11-04 03:35:27] Missing gesture_text. POST: [] RAW: {"text":"Gesture: Fist (No/Stop)","timestamp":"2025-11-04T02:35:27.777Z"}
[2025-11-04 03:35:27] Missing gesture_text. POST: [] RAW: {"text":"Gesture: Fist (No/Stop)","timestamp":"2025-11-04T02:35:27.825Z"}
[2025-11-04 03:35:27] Missing gesture_text. POST: [] RAW: {"text":"Gesture: Fist (No/Stop)","timestamp":"2025-11-04T02:35:27.870Z"}
[2025-11-04 03:35:27] Missing gesture_text. POST: [] RAW: {"text":"Gesture: Fist (No/Stop)","timestamp":"2025-11-04T02:35:27.916Z"}
[2025-11-04 03:35:27] Missing gesture_text. POST: [] RAW: {"text":"Gesture: Fist (No/Stop)","timestamp":"2025-11-04T02:35:27.952Z"}
[2025-11-04 03:35:28] Missing gesture_text. POST: [] RAW: {"text":"Gesture: Fist (No/Stop)","timestamp":"2025-11-04T02:35:27.987Z"}
[2025-11-04 03:35:28] Missing gesture_text. POST: [] RAW: {"text":"Gesture: Fist (No/Stop)","timestamp":"2025-11-04T02:35:28.023Z"}
[2025-11-04 03:35:28] Missing gesture_text. POST: [] RAW: {"text":"Gesture: Fist (No/Stop)","timestamp":"2025-11-04T02:35:28.061Z"}
[2025-11-04 03:35:28] Missing gesture_text. POST: [] RAW: {"text":"Gesture: Fist (No/Stop)","timestamp":"2025-11-04T02:35:28.097Z"}
[2025-11-04 03:35:28] Missing gesture_text. POST: [] RAW: {"text":"Gesture: Fist (No/Stop)","timestamp":"2025-11-04T02:35:28.132Z"}
[2025-11-04 03:35:28] Missing gesture_text. POST: [] RAW: {"text":"Gesture: Fist (No/Stop)","timestamp":"2025-11-04T02:35:28.177Z"}
[2025-11-04 03:35:28] Missing gesture_text. POST: [] RAW: {"text":"Gesture: Fist (No/Stop)","timestamp":"2025-11-04T02:35:28.214Z"}
[2025-11-04 03:35:28] Missing gesture_text. POST: [] RAW: {"text":"Gesture: Call Me","timestamp":"2025-11-04T02:35:28.244Z"}
[2025-11-04 03:35:56] Missing gesture_text. POST: [] RAW: {"text":"Gesture: Fist (No/Stop)","timestamp":"2025-11-04T02:35:56.534Z"}
[2025-11-04 03:35:56] Missing gesture_text. POST: [] RAW: {"text":"Gesture: Fist (No/Stop)","timestamp":"2025-11-04T02:35:56.610Z"}
[2025-11-04 03:35:56] Missing gesture_text. POST: [] RAW: {"text":"Gesture: Fist (No/Stop)","timestamp":"2025-11-04T02:35:56.659Z"}
[2025-11-04 03:35:56] Missing gesture_text. POST: [] RAW: {"text":"Gesture: Fist (No/Stop)","timestamp":"2025-11-04T02:35:56.697Z"}
[2025-11-04 03:35:56] Missing gesture_text. POST: [] RAW: {"text":"Gesture: Fist (No/Stop)","timestamp":"2025-11-04T02:35:56.724Z"}
[2025-11-04 03:35:56] Missing gesture_text. POST: [] RAW: {"text":"Gesture: Fist (No/Stop)","timestamp":"2025-11-04T02:35:56.750Z"}
[2025-11-04 03:35:56] Missing gesture_text. POST: [] RAW: {"text":"Gesture: Fist (No/Stop)","timestamp":"2025-11-04T02:35:56.776Z"}
[2025-11-04 03:36:12] Missing gesture_text. POST: [] RAW: {"text":"Gesture: Fist (No/Stop)","timestamp":"2025-11-04T02:36:12.897Z"}
[2025-11-04 03:36:12] Missing gesture_text. POST: [] RAW: {"text":"Gesture: Fist (No/Stop)","timestamp":"2025-11-04T02:36:12.937Z"}
[2025-11-04 03:36:13] Missing gesture_text. POST: [] RAW: {"text":"Gesture: Fist (No/Stop)","timestamp":"2025-11-04T02:36:12.978Z"}
[2025-11-04 03:36:13] Missing gesture_text. POST: [] RAW: {"text":"Gesture: Fist (No/Stop)","timestamp":"2025-11-04T02:36:13.017Z"}
[2025-11-04 03:36:13] Missing gesture_text. POST: [] RAW: {"text":"Gesture: Fist (No/Stop)","timestamp":"2025-11-04T02:36:13.052Z"}
[2025-11-04 03:36:13] Missing gesture_text. POST: [] RAW: {"text":"Gesture: Fist (No/Stop)","timestamp":"2025-11-04T02:36:13.085Z"}
[2025-11-04 03:36:13] Missing gesture_text. POST: [] RAW: {"text":"Gesture: Fist (No/Stop)","timestamp":"2025-11-04T02:36:13.118Z"}
[2025-11-04 03:36:13] Missing gesture_text. POST: [] RAW: {"text":"Gesture: Fist (No/Stop)","timestamp":"2025-11-04T02:36:13.152Z"}
[2025-11-04 03:36:13] Missing gesture_text. POST: [] RAW: {"text":"Gesture: Fist (No/Stop)","timestamp":"2025-11-04T02:36:13.183Z"}
[2025-11-04 03:36:13] Missing gesture_text. POST: [] RAW: {"text":"Gesture: Fist (No/Stop)","timestamp":"2025-11-04T02:36:13.212Z"}
[2025-11-04 03:36:13] Missing gesture_text. POST: [] RAW: {"text":"Gesture: Fist (No/Stop)","timestamp":"2025-11-04T02:36:13.243Z"}
[2025-11-04 03:36:13] Missing gesture_text. POST: [] RAW: {"text":"Gesture: Fist (No/Stop)","timestamp":"2025-11-04T02:36:13.273Z"}
[2025-11-04 03:36:13] Missing gesture_text. POST: [] RAW: {"text":"Gesture: Fist (No/Stop)","timestamp":"2025-11-04T02:36:13.323Z"}
[2025-11-04 03:36:13] Missing gesture_text. POST: [] RAW: {"text":"Gesture: Fist (No/Stop)","timestamp":"2025-11-04T02:36:13.354Z"}
[2025-11-04 03:36:13] Missing gesture_text. POST: [] RAW: {"text":"Gesture: Fist (No/Stop)","timestamp":"2025-11-04T02:36:13.392Z"}
[2025-11-04 03:36:13] Missing gesture_text. POST: [] RAW: {"text":"Gesture: Fist (No/Stop)","timestamp":"2025-11-04T02:36:13.425Z"}
[2025-11-04 03:36:13] Missing gesture_text. POST: [] RAW: {"text":"Gesture: Fist (No/Stop)","timestamp":"2025-11-04T02:36:13.454Z"}
[2025-11-04 03:36:13] Missing gesture_text. POST: [] RAW: {"text":"Gesture: Fist (No/Stop)","timestamp":"2025-11-04T02:36:13.485Z"}
[2025-11-04 03:36:13] Missing gesture_text. POST: [] RAW: {"text":"Gesture: Fist (No/Stop)","timestamp":"2025-11-04T02:36:13.516Z"}
[2025-11-04 03:36:13] Missing gesture_text. POST: [] RAW: {"text":"Gesture: Fist (No/Stop)","timestamp":"2025-11-04T02:36:13.547Z"}
[2025-11-04 03:36:13] Missing gesture_text. POST: [] RAW: {"text":"Gesture: Fist (No/Stop)","timestamp":"2025-11-04T02:36:13.578Z"}
[2025-11-04 03:36:13] Missing gesture_text. POST: [] RAW: {"text":"Gesture: Fist (No/Stop)","timestamp":"2025-11-04T02:36:13.608Z"}
[2025-11-04 03:36:13] Missing gesture_text. POST: [] RAW: {"text":"Gesture: Fist (No/Stop)","timestamp":"2025-11-04T02:36:13.663Z"}
[2025-11-04 03:36:13] Missing gesture_text. POST: [] RAW: {"text":"Gesture: Fist (No/Stop)","timestamp":"2025-11-04T02:36:13.699Z"}
[2025-11-04 03:36:13] Missing gesture_text. POST: [] RAW: {"text":"Gesture: Fist (No/Stop)","timestamp":"2025-11-04T02:36:13.729Z"}
[2025-11-04 03:36:13] Missing gesture_text. POST: [] RAW: {"text":"Gesture: Fist (No/Stop)","timestamp":"2025-11-04T02:36:13.763Z"}
[2025-11-04 03:36:13] Missing gesture_text. POST: [] RAW: {"text":"Gesture: Fist (No/Stop)","timestamp":"2025-11-04T02:36:13.797Z"}
[2025-11-04 03:36:13] Missing gesture_text. POST: [] RAW: {"text":"Gesture: Fist (No/Stop)","timestamp":"2025-11-04T02:36:13.836Z"}
[2025-11-04 03:36:13] Missing gesture_text. POST: [] RAW: {"text":"Gesture: Fist (No/Stop)","timestamp":"2025-11-04T02:36:13.868Z"}
[2025-11-04 03:36:13] Missing gesture_text. POST: [] RAW: {"text":"Gesture: Fist (No/Stop)","timestamp":"2025-11-04T02:36:13.898Z"}
[2025-11-04 03:36:13] Missing gesture_text. POST: [] RAW: {"text":"Gesture: Fist (No/Stop)","timestamp":"2025-11-04T02:36:13.939Z"}
[2025-11-04 03:36:13] Missing gesture_text. POST: [] RAW: {"text":"Gesture: Point/You","timestamp":"2025-11-04T02:36:13.967Z"}
[2025-11-04 03:36:14] Missing gesture_text. POST: [] RAW: {"text":"Gesture: Hello/Hi","timestamp":"2025-11-04T02:36:13.996Z"}
[2025-11-04 03:36:14] Missing gesture_text. POST: [] RAW: {"text":"Gesture: Hello/Hi","timestamp":"2025-11-04T02:36:14.024Z"}
[2025-11-04 03:36:14] Missing gesture_text. POST: [] RAW: {"text":"Gesture: Hello/Hi","timestamp":"2025-11-04T02:36:14.063Z"}
[2025-11-04 03:36:14] Missing gesture_text. POST: [] RAW: {"text":"Gesture: Hello/Hi","timestamp":"2025-11-04T02:36:14.096Z"}
[2025-11-04 03:36:14] Missing gesture_text. POST: [] RAW: {"text":"Gesture: Hello/Hi","timestamp":"2025-11-04T02:36:14.125Z"}
[2025-11-04 03:36:14] Missing gesture_text. POST: [] RAW: {"text":"Gesture: Hello/Hi","timestamp":"2025-11-04T02:36:14.153Z"}
[2025-11-04 03:36:14] Missing gesture_text. POST: [] RAW: {"text":"Gesture: Hello/Hi","timestamp":"2025-11-04T02:36:14.186Z"}
[2025-11-04 03:36:14] Missing gesture_text. POST: [] RAW: {"text":"Gesture: Hello/Hi","timestamp":"2025-11-04T02:36:14.222Z"}
[2025-11-04 03:36:14] Missing gesture_text. POST: [] RAW: {"text":"Gesture: Hello/Hi","timestamp":"2025-11-04T02:36:14.251Z"}
[2025-11-04 03:36:14] Missing gesture_text. POST: [] RAW: {"text":"Gesture: Hello/Hi","timestamp":"2025-11-04T02:36:14.288Z"}
[2025-11-04 03:36:14] Missing gesture_text. POST: [] RAW: {"text":"Gesture: Hello/Hi","timestamp":"2025-11-04T02:36:14.336Z"}
[2025-11-04 03:36:14] Missing gesture_text. POST: [] RAW: {"text":"Gesture: Hello/Hi","timestamp":"2025-11-04T02:36:14.370Z"}
[2025-11-04 03:36:14] Missing gesture_text. POST: [] RAW: {"text":"Gesture: Hello/Hi","timestamp":"2025-11-04T02:36:14.406Z"}
[2025-11-04 03:36:14] Missing gesture_text. POST: [] RAW: {"text":"Gesture: Hello/Hi","timestamp":"2025-11-04T02:36:14.436Z"}
[2025-11-04 03:36:14] Missing gesture_text. POST: [] RAW: {"text":"Gesture: I Love You","timestamp":"2025-11-04T02:36:14.495Z"}
[2025-11-04 03:36:14] Missing gesture_text. POST: [] RAW: {"text":"Gesture: Hello/Hi","timestamp":"2025-11-04T02:36:14.588Z"}
[2025-11-04 03:36:14] Missing gesture_text. POST: [] RAW: {"text":"Gesture: Fist (No/Stop)","timestamp":"2025-11-04T02:36:14.620Z"}
[2025-11-04 03:36:14] Missing gesture_text. POST: [] RAW: {"text":"Gesture: Fist (No/Stop)","timestamp":"2025-11-04T02:36:14.682Z"}
[2025-11-04 03:36:14] Missing gesture_text. POST: [] RAW: {"text":"Gesture: Fist (No/Stop)","timestamp":"2025-11-04T02:36:14.704Z"}
[2025-11-04 03:36:14] Missing gesture_text. POST: [] RAW: {"text":"Gesture: Fist (No/Stop)","timestamp":"2025-11-04T02:36:14.736Z"}
[2025-11-04 03:36:14] Missing gesture_text. POST: [] RAW: {"text":"Gesture: Fist (No/Stop)","timestamp":"2025-11-04T02:36:14.766Z"}
[2025-11-04 03:36:15] Missing gesture_text. POST: [] RAW: {"text":"Gesture: Fist (No/Stop)","timestamp":"2025-11-04T02:36:15.674Z"}
[2025-11-04 03:36:15] Missing gesture_text. POST: [] RAW: {"text":"Gesture: Fist (No/Stop)","timestamp":"2025-11-04T02:36:15.710Z"}
[2025-11-04 03:36:15] Missing gesture_text. POST: [] RAW: {"text":"Gesture: Four","timestamp":"2025-11-04T02:36:15.743Z"}
[2025-11-04 03:36:15] Missing gesture_text. POST: [] RAW: {"text":"Gesture: Four","timestamp":"2025-11-04T02:36:15.772Z"}
[2025-11-04 03:36:15] Missing gesture_text. POST: [] RAW: {"text":"Gesture: Four","timestamp":"2025-11-04T02:36:15.802Z"}
[2025-11-04 03:36:15] Missing gesture_text. POST: [] RAW: {"text":"Gesture: Four","timestamp":"2025-11-04T02:36:15.836Z"}
[2025-11-04 03:36:15] Missing gesture_text. POST: [] RAW: {"text":"Gesture: Four","timestamp":"2025-11-04T02:36:15.870Z"}
[2025-11-04 03:36:15] Missing gesture_text. POST: [] RAW: {"text":"Gesture: Four","timestamp":"2025-11-04T02:36:15.897Z"}
[2025-11-04 03:36:15] Missing gesture_text. POST: [] RAW: {"text":"Gesture: Four","timestamp":"2025-11-04T02:36:15.934Z"}
[2025-11-04 03:36:15] Missing gesture_text. POST: [] RAW: {"text":"Gesture: Four","timestamp":"2025-11-04T02:36:15.963Z"}
[2025-11-04 03:36:16] Missing gesture_text. POST: [] RAW: {"text":"Gesture: Four","timestamp":"2025-11-04T02:36:16.013Z"}
[2025-11-04 03:36:16] Missing gesture_text. POST: [] RAW: {"text":"Gesture: Hello/Hi","timestamp":"2025-11-04T02:36:16.040Z"}
[2025-11-04 03:36:16] Missing gesture_text. POST: [] RAW: {"text":"Gesture: Hello/Hi","timestamp":"2025-11-04T02:36:16.076Z"}
[2025-11-04 03:36:16] Missing gesture_text. POST: [] RAW: {"text":"Gesture: Pray/Thank You","timestamp":"2025-11-04T02:36:16.126Z"}
[2025-11-04 03:36:16] Missing gesture_text. POST: [] RAW: {"text":"Gesture: Four","timestamp":"2025-11-04T02:36:16.147Z"}
[2025-11-04 03:36:16] Missing gesture_text. POST: [] RAW: {"text":"Gesture: Four","timestamp":"2025-11-04T02:36:16.177Z"}
[2025-11-04 03:36:16] Missing gesture_text. POST: [] RAW: {"text":"Gesture: Hello/Hi","timestamp":"2025-11-04T02:36:16.204Z"}
[2025-11-04 03:36:16] Missing gesture_text. POST: [] RAW: {"text":"Gesture: Hello/Hi","timestamp":"2025-11-04T02:36:16.240Z"}
[2025-11-04 03:36:16] Missing gesture_text. POST: [] RAW: {"text":"Gesture: Hello/Hi","timestamp":"2025-11-04T02:36:16.277Z"}
[2025-11-04 03:36:16] Missing gesture_text. POST: [] RAW: {"text":"Gesture: Hello/Hi","timestamp":"2025-11-04T02:36:16.304Z"}
[2025-11-04 03:36:16] Missing gesture_text. POST: [] RAW: {"text":"Gesture: Hello/Hi","timestamp":"2025-11-04T02:36:16.346Z"}
[2025-11-04 03:36:16] Missing gesture_text. POST: [] RAW: {"text":"Gesture: Hello/Hi","timestamp":"2025-11-04T02:36:16.376Z"}
[2025-11-04 03:36:16] Missing gesture_text. POST: [] RAW: {"text":"Gesture: Hello/Hi","timestamp":"2025-11-04T02:36:16.414Z"}
[2025-11-04 03:36:16] Missing gesture_text. POST: [] RAW: {"text":"Gesture: Hello/Hi","timestamp":"2025-11-04T02:36:16.444Z"}
[2025-11-04 03:36:16] Missing gesture_text. POST: [] RAW: {"text":"Gesture: Hello/Hi","timestamp":"2025-11-04T02:36:16.475Z"}
[2025-11-04 03:36:16] Missing gesture_text. POST: [] RAW: {"text":"Gesture: Hello/Hi","timestamp":"2025-11-04T02:36:16.513Z"}
[2025-11-04 03:36:16] Missing gesture_text. POST: [] RAW: {"text":"Gesture: Hello/Hi","timestamp":"2025-11-04T02:36:16.547Z"}
[2025-11-04 03:36:16] Missing gesture_text. POST: [] RAW: {"text":"Gesture: Hello/Hi","timestamp":"2025-11-04T02:36:16.587Z"}
[2025-11-04 03:36:16] Missing gesture_text. POST: [] RAW: {"text":"Gesture: Fist (No/Stop)","timestamp":"2025-11-04T02:36:16.616Z"}
[2025-11-04 03:36:20] Missing gesture_text. POST: [] RAW: {"text":"Gesture: I Love You","timestamp":"2025-11-04T02:36:20.922Z"}
[2025-11-04 03:36:20] Missing gesture_text. POST: [] RAW: {"text":"Gesture: Fist (No/Stop)","timestamp":"2025-11-04T02:36:20.948Z"}
[2025-11-04 03:36:21] Missing gesture_text. POST: [] RAW: {"text":"Gesture: Fist (No/Stop)","timestamp":"2025-11-04T02:36:20.980Z"}
[2025-11-04 03:36:21] Missing gesture_text. POST: [] RAW: {"text":"Gesture: Fist (No/Stop)","timestamp":"2025-11-04T02:36:21.007Z"}
[2025-11-04 03:36:21] Missing gesture_text. POST: [] RAW: {"text":"Gesture: Fist (No/Stop)","timestamp":"2025-11-04T02:36:21.036Z"}
[2025-11-04 03:36:21] Missing gesture_text. POST: [] RAW: {"text":"Gesture: Fist (No/Stop)","timestamp":"2025-11-04T02:36:21.065Z"}
[2025-11-04 03:36:21] Missing gesture_text. POST: [] RAW: {"text":"Gesture: Fist (No/Stop)","timestamp":"2025-11-04T02:36:21.099Z"}
[2025-11-04 03:36:21] Missing gesture_text. POST: [] RAW: {"text":"Gesture: Fist (No/Stop)","timestamp":"2025-11-04T02:36:21.131Z"}
[2025-11-04 03:36:21] Missing gesture_text. POST: [] RAW: {"text":"Gesture: Fist (No/Stop)","timestamp":"2025-11-04T02:36:21.165Z"}
[2025-11-04 03:36:21] Missing gesture_text. POST: [] RAW: {"text":"Gesture: Hello/Hi","timestamp":"2025-11-04T02:36:21.197Z"}
[2025-11-04 03:36:21] Missing gesture_text. POST: [] RAW: {"text":"Gesture: Hello/Hi","timestamp":"2025-11-04T02:36:21.231Z"}
[2025-11-04 03:36:21] Missing gesture_text. POST: [] RAW: {"text":"Gesture: Hello/Hi","timestamp":"2025-11-04T02:36:21.261Z"}
[2025-11-04 03:36:21] Missing gesture_text. POST: [] RAW: {"text":"Gesture: Hello/Hi","timestamp":"2025-11-04T02:36:21.295Z"}
[2025-11-04 03:36:21] Missing gesture_text. POST: [] RAW: {"text":"Gesture: Hello/Hi","timestamp":"2025-11-04T02:36:21.328Z"}
[2025-11-04 03:36:21] Missing gesture_text. POST: [] RAW: {"text":"Gesture: Call Me","timestamp":"2025-11-04T02:36:21.359Z"}
[2025-11-04 03:36:21] Missing gesture_text. POST: [] RAW: {"text":"Gesture: Fist (No/Stop)","timestamp":"2025-11-04T02:36:21.389Z"}
[2025-11-04 03:36:21] Missing gesture_text. POST: [] RAW: {"text":"Gesture: Fist (No/Stop)","timestamp":"2025-11-04T02:36:21.439Z"}
[2025-11-04 03:36:21] Missing gesture_text. POST: [] RAW: {"text":"Gesture: Fist (No/Stop)","timestamp":"2025-11-04T02:36:21.471Z"}
[2025-11-04 03:36:21] Missing gesture_text. POST: [] RAW: {"text":"Gesture: Fist (No/Stop)","timestamp":"2025-11-04T02:36:21.505Z"}
[2025-11-04 03:36:21] Missing gesture_text. POST: [] RAW: {"text":"Gesture: Fist (No/Stop)","timestamp":"2025-11-04T02:36:21.535Z"}
[2025-11-04 03:36:21] Missing gesture_text. POST: [] RAW: {"text":"Gesture: Fist (No/Stop)","timestamp":"2025-11-04T02:36:21.566Z"}
[2025-11-04 03:36:21] Missing gesture_text. POST: [] RAW: {"text":"Gesture: Fist (No/Stop)","timestamp":"2025-11-04T02:36:21.596Z"}
[2025-11-04 03:36:21] Missing gesture_text. POST: [] RAW: {"text":"Gesture: Fist (No/Stop)","timestamp":"2025-11-04T02:36:21.633Z"}
[2025-11-04 03:36:21] Missing gesture_text. POST: [] RAW: {"text":"Gesture: Fist (No/Stop)","timestamp":"2025-11-04T02:36:21.663Z"}
[2025-11-04 03:36:21] Missing gesture_text. POST: [] RAW: {"text":"Gesture: Fist (No/Stop)","timestamp":"2025-11-04T02:36:21.697Z"}
[2025-11-04 03:36:21] Missing gesture_text. POST: [] RAW: {"text":"Gesture: Fist (No/Stop)","timestamp":"2025-11-04T02:36:21.727Z"}
[2025-11-04 03:36:21] Missing gesture_text. POST: [] RAW: {"text":"Gesture: Fist (No/Stop)","timestamp":"2025-11-04T02:36:21.771Z"}
[2025-11-04 03:36:21] Missing gesture_text. POST: [] RAW: {"text":"Gesture: Fist (No/Stop)","timestamp":"2025-11-04T02:36:21.809Z"}
[2025-11-04 03:36:21] Missing gesture_text. POST: [] RAW: {"text":"Gesture: Fist (No/Stop)","timestamp":"2025-11-04T02:36:21.841Z"}
[2025-11-04 03:36:21] Missing gesture_text. POST: [] RAW: {"text":"Gesture: Fist (No/Stop)","timestamp":"2025-11-04T02:36:21.871Z"}
[2025-11-04 03:36:21] Missing gesture_text. POST: [] RAW: {"text":"Gesture: Fist (No/Stop)","timestamp":"2025-11-04T02:36:21.905Z"}
[2025-11-04 03:36:21] Missing gesture_text. POST: [] RAW: {"text":"Gesture: Fist (No/Stop)","timestamp":"2025-11-04T02:36:21.938Z"}
[2025-11-04 03:36:21] Missing gesture_text. POST: [] RAW: {"text":"Gesture: Fist (No/Stop)","timestamp":"2025-11-04T02:36:21.969Z"}
[2025-11-04 03:36:22] Missing gesture_text. POST: [] RAW: {"text":"Gesture: Fist (No/Stop)","timestamp":"2025-11-04T02:36:21.998Z"}
[2025-11-04 03:36:22] Missing gesture_text. POST: [] RAW: {"text":"Gesture: Fist (No/Stop)","timestamp":"2025-11-04T02:36:22.034Z"}
[2025-11-04 03:36:22] Missing gesture_text. POST: [] RAW: {"text":"Gesture: Fist (No/Stop)","timestamp":"2025-11-04T02:36:22.064Z"}
[2025-11-04 03:36:22] Missing gesture_text. POST: [] RAW: {"text":"Gesture: Fist (No/Stop)","timestamp":"2025-11-04T02:36:22.112Z"}
[2025-11-04 03:36:22] Missing gesture_text. POST: [] RAW: {"text":"Gesture: Fist (No/Stop)","timestamp":"2025-11-04T02:36:22.148Z"}
[2025-11-04 03:36:22] Missing gesture_text. POST: [] RAW: {"text":"Gesture: Fist (No/Stop)","timestamp":"2025-11-04T02:36:22.178Z"}
[2025-11-04 03:36:22] Missing gesture_text. POST: [] RAW: {"text":"Gesture: Fist (No/Stop)","timestamp":"2025-11-04T02:36:22.211Z"}
[2025-11-04 03:36:22] Missing gesture_text. POST: [] RAW: {"text":"Gesture: Fist (No/Stop)","timestamp":"2025-11-04T02:36:22.246Z"}
[2025-11-04 03:36:22] Missing gesture_text. POST: [] RAW: {"text":"Gesture: Fist (No/Stop)","timestamp":"2025-11-04T02:36:22.276Z"}
[2025-11-04 03:36:22] Missing gesture_text. POST: [] RAW: {"text":"Gesture: Fist (No/Stop)","timestamp":"2025-11-04T02:36:22.308Z"}
[2025-11-04 03:36:22] Missing gesture_text. POST: [] RAW: {"text":"Gesture: Fist (No/Stop)","timestamp":"2025-11-04T02:36:22.333Z"}
[2025-11-04 03:36:22] Missing gesture_text. POST: [] RAW: {"text":"Gesture: Fist (No/Stop)","timestamp":"2025-11-04T02:36:22.364Z"}
[2025-11-04 03:36:22] Missing gesture_text. POST: [] RAW: {"text":"Gesture: Fist (No/Stop)","timestamp":"2025-11-04T02:36:22.397Z"}
[2025-11-04 03:36:22] Missing gesture_text. POST: [] RAW: {"text":"Gesture: Fist (No/Stop)","timestamp":"2025-11-04T02:36:22.444Z"}
[2025-11-04 03:36:22] Missing gesture_text. POST: [] RAW: {"text":"Gesture: Fist (No/Stop)","timestamp":"2025-11-04T02:36:22.482Z"}
[2025-11-04 03:36:22] Missing gesture_text. POST: [] RAW: {"text":"Gesture: Fist (No/Stop)","timestamp":"2025-11-04T02:36:22.511Z"}
[2025-11-04 03:36:22] Missing gesture_text. POST: [] RAW: {"text":"Gesture: Fist (No/Stop)","timestamp":"2025-11-04T02:36:22.542Z"}
[2025-11-04 03:36:22] Missing gesture_text. POST: [] RAW: {"text":"Gesture: Fist (No/Stop)","timestamp":"2025-11-04T02:36:22.583Z"}
[2025-11-04 03:36:22] Missing gesture_text. POST: [] RAW: {"text":"Gesture: Fist (No/Stop)","timestamp":"2025-11-04T02:36:22.614Z"}
[2025-11-04 03:36:22] Missing gesture_text. POST: [] RAW: {"text":"Gesture: Fist (No/Stop)","timestamp":"2025-11-04T02:36:22.644Z"}
[2025-11-04 03:36:22] Missing gesture_text. POST: [] RAW: {"text":"Gesture: Fist (No/Stop)","timestamp":"2025-11-04T02:36:22.673Z"}
[2025-11-04 03:36:22] Missing gesture_text. POST: [] RAW: {"text":"Gesture: Fist (No/Stop)","timestamp":"2025-11-04T02:36:22.701Z"}
[2025-11-04 03:36:22] Missing gesture_text. POST: [] RAW: {"text":"Gesture: Fist (No/Stop)","timestamp":"2025-11-04T02:36:22.741Z"}
[2025-11-04 03:36:22] Missing gesture_text. POST: [] RAW: {"text":"Gesture: Fist (No/Stop)","timestamp":"2025-11-04T02:36:22.789Z"}
[2025-11-04 03:36:22] Missing gesture_text. POST: [] RAW: {"text":"Gesture: Fist (No/Stop)","timestamp":"2025-11-04T02:36:22.820Z"}
[2025-11-04 03:36:22] Missing gesture_text. POST: [] RAW: {"text":"Gesture: Fist (No/Stop)","timestamp":"2025-11-04T02:36:22.852Z"}
[2025-11-04 03:36:22] Missing gesture_text. POST: [] RAW: {"text":"Gesture: Fist (No/Stop)","timestamp":"2025-11-04T02:36:22.887Z"}
[2025-11-04 03:36:22] Missing gesture_text. POST: [] RAW: {"text":"Gesture: Fist (No/Stop)","timestamp":"2025-11-04T02:36:22.917Z"}
[2025-11-04 03:36:22] Missing gesture_text. POST: [] RAW: {"text":"Gesture: Fist (No/Stop)","timestamp":"2025-11-04T02:36:22.950Z"}
[2025-11-04 03:36:22] Missing gesture_text. POST: [] RAW: {"text":"Gesture: Fist (No/Stop)","timestamp":"2025-11-04T02:36:22.978Z"}
[2025-11-04 03:36:23] Missing gesture_text. POST: [] RAW: {"text":"Gesture: Fist (No/Stop)","timestamp":"2025-11-04T02:36:23.004Z"}
[2025-11-04 03:36:23] Missing gesture_text. POST: [] RAW: {"text":"Gesture: Fist (No/Stop)","timestamp":"2025-11-04T02:36:23.035Z"}
[2025-11-04 03:36:23] Missing gesture_text. POST: [] RAW: {"text":"Gesture: Fist (No/Stop)","timestamp":"2025-11-04T02:36:23.068Z"}
[2025-11-04 03:36:23] Missing gesture_text. POST: [] RAW: {"text":"Gesture: Fist (No/Stop)","timestamp":"2025-11-04T02:36:23.117Z"}
[2025-11-04 03:36:23] Missing gesture_text. POST: [] RAW: {"text":"Gesture: Fist (No/Stop)","timestamp":"2025-11-04T02:36:23.146Z"}
[2025-11-04 03:36:23] Missing gesture_text. POST: [] RAW: {"text":"Gesture: Fist (No/Stop)","timestamp":"2025-11-04T02:36:23.184Z"}
[2025-11-04 03:36:23] Missing gesture_text. POST: [] RAW: {"text":"Gesture: Fist (No/Stop)","timestamp":"2025-11-04T02:36:23.213Z"}
[2025-11-04 03:36:23] Missing gesture_text. POST: [] RAW: {"text":"Gesture: Fist (No/Stop)","timestamp":"2025-11-04T02:36:23.246Z"}
[2025-11-04 03:36:23] Missing gesture_text. POST: [] RAW: {"text":"Gesture: Fist (No/Stop)","timestamp":"2025-11-04T02:36:23.280Z"}
[2025-11-04 03:36:23] Missing gesture_text. POST: [] RAW: {"text":"Gesture: Fist (No/Stop)","timestamp":"2025-11-04T02:36:23.305Z"}
[2025-11-04 03:36:23] Missing gesture_text. POST: [] RAW: {"text":"Gesture: Fist (No/Stop)","timestamp":"2025-11-04T02:36:23.335Z"}
[2025-11-04 03:36:23] Missing gesture_text. POST: [] RAW: {"text":"Gesture: Fist (No/Stop)","timestamp":"2025-11-04T02:36:23.366Z"}
[2025-11-04 03:36:23] Missing gesture_text. POST: [] RAW: {"text":"Gesture: Fist (No/Stop)","timestamp":"2025-11-04T02:36:23.401Z"}
[2025-11-04 03:36:23] Missing gesture_text. POST: [] RAW: {"text":"Gesture: Fist (No/Stop)","timestamp":"2025-11-04T02:36:23.448Z"}
[2025-11-04 03:36:23] Missing gesture_text. POST: [] RAW: {"text":"Gesture: Fist (No/Stop)","timestamp":"2025-11-04T02:36:23.480Z"}
[2025-11-04 03:36:23] Missing gesture_text. POST: [] RAW: {"text":"Gesture: Fist (No/Stop)","timestamp":"2025-11-04T02:36:23.512Z"}
[2025-11-04 03:36:23] Missing gesture_text. POST: [] RAW: {"text":"Gesture: Fist (No/Stop)","timestamp":"2025-11-04T02:36:23.550Z"}
[2025-11-04 03:36:23] Missing gesture_text. POST: [] RAW: {"text":"Gesture: Fist (No/Stop)","timestamp":"2025-11-04T02:36:23.585Z"}
[2025-11-04 03:36:23] Missing gesture_text. POST: [] RAW: {"text":"Gesture: Fist (No/Stop)","timestamp":"2025-11-04T02:36:23.614Z"}
[2025-11-04 03:36:23] Missing gesture_text. POST: [] RAW: {"text":"Gesture: Fist (No/Stop)","timestamp":"2025-11-04T02:36:23.644Z"}
[2025-11-04 03:36:23] Missing gesture_text. POST: [] RAW: {"text":"Gesture: Fist (No/Stop)","timestamp":"2025-11-04T02:36:23.678Z"}
[2025-11-04 03:36:23] Missing gesture_text. POST: [] RAW: {"text":"Gesture: Fist (No/Stop)","timestamp":"2025-11-04T02:36:23.709Z"}
[2025-11-04 03:36:23] Missing gesture_text. POST: [] RAW: {"text":"Gesture: Fist (No/Stop)","timestamp":"2025-11-04T02:36:23.740Z"}
[2025-11-04 03:36:23] Missing gesture_text. POST: [] RAW: {"text":"Gesture: Fist (No/Stop)","timestamp":"2025-11-04T02:36:23.787Z"}
[2025-11-04 03:36:23] Missing gesture_text. POST: [] RAW: {"text":"Gesture: Fist (No/Stop)","timestamp":"2025-11-04T02:36:23.826Z"}
[2025-11-04 03:36:23] Missing gesture_text. POST: [] RAW: {"text":"Gesture: Fist (No/Stop)","timestamp":"2025-11-04T02:36:23.860Z"}
[2025-11-04 03:36:23] Missing gesture_text. POST: [] RAW: {"text":"Gesture: Fist (No/Stop)","timestamp":"2025-11-04T02:36:23.886Z"}
[2025-11-04 03:36:23] Missing gesture_text. POST: [] RAW: {"text":"Gesture: Fist (No/Stop)","timestamp":"2025-11-04T02:36:23.917Z"}
[2025-11-04 03:36:23] Missing gesture_text. POST: [] RAW: {"text":"Gesture: Fist (No/Stop)","timestamp":"2025-11-04T02:36:23.951Z"}
[2025-11-04 03:36:24] Missing gesture_text. POST: [] RAW: {"text":"Gesture: Fist (No/Stop)","timestamp":"2025-11-04T02:36:23.985Z"}
[2025-11-04 03:36:24] Missing gesture_text. POST: [] RAW: {"text":"Gesture: Fist (No/Stop)","timestamp":"2025-11-04T02:36:24.017Z"}
[2025-11-04 03:36:24] Missing gesture_text. POST: [] RAW: {"text":"Gesture: Fist (No/Stop)","timestamp":"2025-11-04T02:36:24.045Z"}
[2025-11-04 03:36:24] Missing gesture_text. POST: [] RAW: {"text":"Gesture: Fist (No/Stop)","timestamp":"2025-11-04T02:36:24.083Z"}
[2025-11-04 03:36:24] Missing gesture_text. POST: [] RAW: {"text":"Gesture: Fist (No/Stop)","timestamp":"2025-11-04T02:36:24.128Z"}
[2025-11-04 03:36:24] Missing gesture_text. POST: [] RAW: {"text":"Gesture: Fist (No/Stop)","timestamp":"2025-11-04T02:36:24.164Z"}
[2025-11-04 03:36:24] Missing gesture_text. POST: [] RAW: {"text":"Gesture: Fist (No/Stop)","timestamp":"2025-11-04T02:36:24.192Z"}
[2025-11-04 03:36:24] Missing gesture_text. POST: [] RAW: {"text":"Gesture: Fist (No/Stop)","timestamp":"2025-11-04T02:36:24.229Z"}
[2025-11-04 03:36:24] Missing gesture_text. POST: [] RAW: {"text":"Gesture: Fist (No/Stop)","timestamp":"2025-11-04T02:36:24.260Z"}
[2025-11-04 03:36:24] Missing gesture_text. POST: [] RAW: {"text":"Gesture: Fist (No/Stop)","timestamp":"2025-11-04T02:36:24.288Z"}
[2025-11-04 03:36:24] Missing gesture_text. POST: [] RAW: {"text":"Gesture: Fist (No/Stop)","timestamp":"2025-11-04T02:36:24.319Z"}
[2025-11-04 03:36:24] Missing gesture_text. POST: [] RAW: {"text":"Gesture: Fist (No/Stop)","timestamp":"2025-11-04T02:36:24.354Z"}
[2025-11-04 03:36:24] Missing gesture_text. POST: [] RAW: {"text":"Gesture: Fist (No/Stop)","timestamp":"2025-11-04T02:36:24.384Z"}
[2025-11-04 03:36:24] Missing gesture_text. POST: [] RAW: {"text":"Gesture: Fist (No/Stop)","timestamp":"2025-11-04T02:36:24.413Z"}
[2025-11-04 03:36:24] Missing gesture_text. POST: [] RAW: {"text":"Gesture: Fist (No/Stop)","timestamp":"2025-11-04T02:36:24.461Z"}
[2025-11-04 03:36:24] Missing gesture_text. POST: [] RAW: {"text":"Gesture: Fist (No/Stop)","timestamp":"2025-11-04T02:36:24.492Z"}
[2025-11-04 03:36:24] Missing gesture_text. POST: [] RAW: {"text":"Gesture: Fist (No/Stop)","timestamp":"2025-11-04T02:36:24.522Z"}
[2025-11-04 03:36:24] Missing gesture_text. POST: [] RAW: {"text":"Gesture: Fist (No/Stop)","timestamp":"2025-11-04T02:36:24.558Z"}
[2025-11-04 03:36:24] Missing gesture_text. POST: [] RAW: {"text":"Gesture: Fist (No/Stop)","timestamp":"2025-11-04T02:36:24.590Z"}
[2025-11-04 03:36:24] Missing gesture_text. POST: [] RAW: {"text":"Gesture: Fist (No/Stop)","timestamp":"2025-11-04T02:36:24.627Z"}
[2025-11-04 03:36:24] Missing gesture_text. POST: [] RAW: {"text":"Gesture: Fist (No/Stop)","timestamp":"2025-11-04T02:36:24.660Z"}
[2025-11-04 03:36:24] Missing gesture_text. POST: [] RAW: {"text":"Gesture: Fist (No/Stop)","timestamp":"2025-11-04T02:36:24.690Z"}
[2025-11-04 03:36:24] Missing gesture_text. POST: [] RAW: {"text":"Gesture: Fist (No/Stop)","timestamp":"2025-11-04T02:36:24.721Z"}
[2025-11-04 03:36:26] Missing gesture_text. POST: [] RAW: {"text":"Gesture: Fist (No/Stop)","timestamp":"2025-11-04T02:36:26.403Z"}
[2025-11-04 03:36:26] Missing gesture_text. POST: [] RAW: {"text":"Gesture: Fist (No/Stop)","timestamp":"2025-11-04T02:36:26.448Z"}
[2025-11-04 03:36:26] Missing gesture_text. POST: [] RAW: {"text":"Gesture: Fist (No/Stop)","timestamp":"2025-11-04T02:36:26.488Z"}
[2025-11-04 03:36:26] Missing gesture_text. POST: [] RAW: {"text":"Gesture: Fist (No/Stop)","timestamp":"2025-11-04T02:36:26.521Z"}
[2025-11-04 03:36:26] Missing gesture_text. POST: [] RAW: {"text":"Gesture: Fist (No/Stop)","timestamp":"2025-11-04T02:36:26.556Z"}
[2025-11-04 03:36:26] Missing gesture_text. POST: [] RAW: {"text":"Gesture: Fist (No/Stop)","timestamp":"2025-11-04T02:36:26.588Z"}
[2025-11-04 03:36:26] Missing gesture_text. POST: [] RAW: {"text":"Gesture: Fist (No/Stop)","timestamp":"2025-11-04T02:36:26.633Z"}
[2025-11-04 03:36:26] Missing gesture_text. POST: [] RAW: {"text":"Gesture: Fist (No/Stop)","timestamp":"2025-11-04T02:36:26.650Z"}
[2025-11-04 03:36:26] Missing gesture_text. POST: [] RAW: {"text":"Gesture: Fist (No/Stop)","timestamp":"2025-11-04T02:36:26.689Z"}
[2025-11-04 03:36:26] Missing gesture_text. POST: [] RAW: {"text":"Gesture: Fist (No/Stop)","timestamp":"2025-11-04T02:36:26.703Z"}
[2025-11-04 03:36:26] Missing gesture_text. POST: [] RAW: {"text":"Gesture: Fist (No/Stop)","timestamp":"2025-11-04T02:36:26.742Z"}
[2025-11-04 03:36:26] Missing gesture_text. POST: [] RAW: {"text":"Gesture: Fist (No/Stop)","timestamp":"2025-11-04T02:36:26.757Z"}
[2025-11-04 03:36:26] Missing gesture_text. POST: [] RAW: {"text":"Gesture: Fist (No/Stop)","timestamp":"2025-11-04T02:36:26.811Z"}
[2025-11-04 03:36:26] Missing gesture_text. POST: [] RAW: {"text":"Gesture: Fist (No/Stop)","timestamp":"2025-11-04T02:36:26.850Z"}
[2025-11-04 03:36:26] Missing gesture_text. POST: [] RAW: {"text":"Gesture: Fist (No/Stop)","timestamp":"2025-11-04T02:36:26.894Z"}
[2025-11-04 03:36:26] Missing gesture_text. POST: [] RAW: {"text":"Gesture: Fist (No/Stop)","timestamp":"2025-11-04T02:36:26.910Z"}
[2025-11-04 03:36:26] Missing gesture_text. POST: [] RAW: {"text":"Gesture: Fist (No/Stop)","timestamp":"2025-11-04T02:36:26.951Z"}
[2025-11-04 03:36:26] Missing gesture_text. POST: [] RAW: {"text":"Gesture: Fist (No/Stop)","timestamp":"2025-11-04T02:36:26.969Z"}
[2025-11-04 03:36:27] Missing gesture_text. POST: [] RAW: {"text":"Gesture: Fist (No/Stop)","timestamp":"2025-11-04T02:36:27.016Z"}
[2025-11-04 03:36:27] Missing gesture_text. POST: [] RAW: {"text":"Gesture: Fist (No/Stop)","timestamp":"2025-11-04T02:36:27.051Z"}
[2025-11-04 03:36:27] Missing gesture_text. POST: [] RAW: {"text":"Gesture: Fist (No/Stop)","timestamp":"2025-11-04T02:36:27.086Z"}
[2025-11-04 03:36:27] Missing gesture_text. POST: [] RAW: {"text":"Gesture: Fist (No/Stop)","timestamp":"2025-11-04T02:36:27.122Z"}
[2025-11-04 03:36:27] Missing gesture_text. POST: [] RAW: {"text":"Gesture: Fist (No/Stop)","timestamp":"2025-11-04T02:36:27.171Z"}
[2025-11-04 03:36:27] Missing gesture_text. POST: [] RAW: {"text":"Gesture: Fist (No/Stop)","timestamp":"2025-11-04T02:36:27.187Z"}
[2025-11-04 03:36:27] Missing gesture_text. POST: [] RAW: {"text":"Gesture: Fist (No/Stop)","timestamp":"2025-11-04T02:36:27.224Z"}
[2025-11-04 03:36:27] Missing gesture_text. POST: [] RAW: {"text":"Gesture: Fist (No/Stop)","timestamp":"2025-11-04T02:36:27.260Z"}
[2025-11-04 03:36:27] Missing gesture_text. POST: [] RAW: {"text":"Gesture: Fist (No/Stop)","timestamp":"2025-11-04T02:36:27.294Z"}
[2025-11-04 03:36:27] Missing gesture_text. POST: [] RAW: {"text":"Gesture: Fist (No/Stop)","timestamp":"2025-11-04T02:36:27.327Z"}
[2025-11-04 03:36:27] Missing gesture_text. POST: [] RAW: {"text":"Gesture: Fist (No/Stop)","timestamp":"2025-11-04T02:36:27.362Z"}
[2025-11-04 03:36:27] Missing gesture_text. POST: [] RAW: {"text":"Gesture: Fist (No/Stop)","timestamp":"2025-11-04T02:36:27.398Z"}
[2025-11-04 03:36:27] Missing gesture_text. POST: [] RAW: {"text":"Gesture: Fist (No/Stop)","timestamp":"2025-11-04T02:36:27.426Z"}
[2025-11-04 03:36:27] Missing gesture_text. POST: [] RAW: {"text":"Gesture: Fist (No/Stop)","timestamp":"2025-11-04T02:36:27.454Z"}
[2025-11-04 03:36:27] Missing gesture_text. POST: [] RAW: {"text":"Gesture: Fist (No/Stop)","timestamp":"2025-11-04T02:36:27.486Z"}
[2025-11-04 03:36:27] Missing gesture_text. POST: [] RAW: {"text":"Gesture: Fist (No/Stop)","timestamp":"2025-11-04T02:36:27.523Z"}
[2025-11-04 03:36:27] Missing gesture_text. POST: [] RAW: {"text":"Gesture: Fist (No/Stop)","timestamp":"2025-11-04T02:36:27.555Z"}
[2025-11-04 03:36:27] Missing gesture_text. POST: [] RAW: {"text":"Gesture: Fist (No/Stop)","timestamp":"2025-11-04T02:36:27.585Z"}
[2025-11-04 03:36:27] Missing gesture_text. POST: [] RAW: {"text":"Gesture: Fist (No/Stop)","timestamp":"2025-11-04T02:36:27.618Z"}
[2025-11-04 03:36:27] Missing gesture_text. POST: [] RAW: {"text":"Gesture: Fist (No/Stop)","timestamp":"2025-11-04T02:36:27.651Z"}
[2025-11-04 03:36:27] Missing gesture_text. POST: [] RAW: {"text":"Gesture: Fist (No/Stop)","timestamp":"2025-11-04T02:36:27.683Z"}
[2025-11-04 03:36:27] Missing gesture_text. POST: [] RAW: {"text":"Gesture: Fist (No/Stop)","timestamp":"2025-11-04T02:36:27.715Z"}
[2025-11-04 03:36:27] Missing gesture_text. POST: [] RAW: {"text":"Gesture: Fist (No/Stop)","timestamp":"2025-11-04T02:36:27.746Z"}
[2025-11-04 03:36:27] Missing gesture_text. POST: [] RAW: {"text":"Gesture: Fist (No/Stop)","timestamp":"2025-11-04T02:36:27.779Z"}
[2025-11-04 03:36:27] Missing gesture_text. POST: [] RAW: {"text":"Gesture: Fist (No/Stop)","timestamp":"2025-11-04T02:36:27.823Z"}
[2025-11-04 03:36:27] Missing gesture_text. POST: [] RAW: {"text":"Gesture: Fist (No/Stop)","timestamp":"2025-11-04T02:36:27.853Z"}
[2025-11-04 03:36:27] Missing gesture_text. POST: [] RAW: {"text":"Gesture: Fist (No/Stop)","timestamp":"2025-11-04T02:36:27.898Z"}
[2025-11-04 03:36:27] Missing gesture_text. POST: [] RAW: {"text":"Gesture: Fist (No/Stop)","timestamp":"2025-11-04T02:36:27.928Z"}
[2025-11-04 03:36:27] Missing gesture_text. POST: [] RAW: {"text":"Gesture: OK","timestamp":"2025-11-04T02:36:27.956Z"}
[2025-11-04 03:36:28] Missing gesture_text. POST: [] RAW: {"text":"Gesture: Hello/Hi","timestamp":"2025-11-04T02:36:27.983Z"}
[2025-11-04 03:36:28] Missing gesture_text. POST: [] RAW: {"text":"Gesture: Hello/Hi","timestamp":"2025-11-04T02:36:28.016Z"}
[2025-11-04 03:36:28] Missing gesture_text. POST: [] RAW: {"text":"Gesture: Four","timestamp":"2025-11-04T02:36:28.054Z"}
[2025-11-04 03:36:28] Missing gesture_text. POST: [] RAW: {"text":"Gesture: Four","timestamp":"2025-11-04T02:36:28.081Z"}
[2025-11-04 03:36:28] Missing gesture_text. POST: [] RAW: {"text":"Gesture: Fist (No/Stop)","timestamp":"2025-11-04T02:36:28.117Z"}
[2025-11-04 03:36:28] Missing gesture_text. POST: [] RAW: {"text":"Gesture: Fist (No/Stop)","timestamp":"2025-11-04T02:36:28.160Z"}
[2025-11-04 03:36:28] Missing gesture_text. POST: [] RAW: {"text":"Gesture: Fist (No/Stop)","timestamp":"2025-11-04T02:36:28.195Z"}
[2025-11-04 03:36:28] Missing gesture_text. POST: [] RAW: {"text":"Gesture: Fist (No/Stop)","timestamp":"2025-11-04T02:36:28.229Z"}
[2025-11-04 03:36:28] Missing gesture_text. POST: [] RAW: {"text":"Gesture: Fist (No/Stop)","timestamp":"2025-11-04T02:36:28.258Z"}
[2025-11-04 03:36:28] Missing gesture_text. POST: [] RAW: {"text":"Gesture: Fist (No/Stop)","timestamp":"2025-11-04T02:36:28.287Z"}
[2025-11-04 03:36:28] Missing gesture_text. POST: [] RAW: {"text":"Gesture: Fist (No/Stop)","timestamp":"2025-11-04T02:36:28.319Z"}
[2025-11-04 03:36:28] Missing gesture_text. POST: [] RAW: {"text":"Gesture: Fist (No/Stop)","timestamp":"2025-11-04T02:36:28.354Z"}
[2025-11-04 03:36:28] Missing gesture_text. POST: [] RAW: {"text":"Gesture: Fist (No/Stop)","timestamp":"2025-11-04T02:36:28.384Z"}
[2025-11-04 03:36:28] Missing gesture_text. POST: [] RAW: {"text":"Gesture: Fist (No/Stop)","timestamp":"2025-11-04T02:36:28.414Z"}
[2025-11-04 03:36:28] Missing gesture_text. POST: [] RAW: {"text":"Gesture: OK","timestamp":"2025-11-04T02:36:28.449Z"}
[2025-11-04 03:36:28] Missing gesture_text. POST: [] RAW: {"text":"Gesture: OK","timestamp":"2025-11-04T02:36:28.499Z"}
[2025-11-04 03:36:28] Missing gesture_text. POST: [] RAW: {"text":"Gesture: Four","timestamp":"2025-11-04T02:36:28.534Z"}
[2025-11-04 03:36:28] Missing gesture_text. POST: [] RAW: {"text":"Gesture: Four","timestamp":"2025-11-04T02:36:28.565Z"}
[2025-11-04 03:36:28] Missing gesture_text. POST: [] RAW: {"text":"Gesture: Four","timestamp":"2025-11-04T02:36:28.596Z"}
[2025-11-04 03:36:28] Missing gesture_text. POST: [] RAW: {"text":"Gesture: OK","timestamp":"2025-11-04T02:36:28.625Z"}
[2025-11-04 03:36:28] Missing gesture_text. POST: [] RAW: {"text":"Gesture: Four","timestamp":"2025-11-04T02:36:28.655Z"}
[2025-11-04 03:36:28] Missing gesture_text. POST: [] RAW: {"text":"Gesture: Four","timestamp":"2025-11-04T02:36:28.686Z"}
[2025-11-04 03:36:28] Missing gesture_text. POST: [] RAW: {"text":"Gesture: Fist (No/Stop)","timestamp":"2025-11-04T02:36:28.723Z"}
[2025-11-04 03:36:28] Missing gesture_text. POST: [] RAW: {"text":"Gesture: Fist (No/Stop)","timestamp":"2025-11-04T02:36:28.754Z"}
[2025-11-04 03:36:28] Missing gesture_text. POST: [] RAW: {"text":"Gesture: Fist (No/Stop)","timestamp":"2025-11-04T02:36:28.786Z"}
[2025-11-04 03:36:28] Missing gesture_text. POST: [] RAW: {"text":"Gesture: Fist (No/Stop)","timestamp":"2025-11-04T02:36:28.828Z"}
[2025-11-04 03:36:28] Missing gesture_text. POST: [] RAW: {"text":"Gesture: Fist (No/Stop)","timestamp":"2025-11-04T02:36:28.863Z"}
[2025-11-04 03:36:28] Missing gesture_text. POST: [] RAW: {"text":"Gesture: Fist (No/Stop)","timestamp":"2025-11-04T02:36:28.896Z"}
[2025-11-04 03:36:28] Missing gesture_text. POST: [] RAW: {"text":"Gesture: Fist (No/Stop)","timestamp":"2025-11-04T02:36:28.928Z"}
[2025-11-04 03:36:28] Missing gesture_text. POST: [] RAW: {"text":"Gesture: Fist (No/Stop)","timestamp":"2025-11-04T02:36:28.960Z"}
[2025-11-04 03:36:29] Missing gesture_text. POST: [] RAW: {"text":"Gesture: Fist (No/Stop)","timestamp":"2025-11-04T02:36:28.989Z"}
[2025-11-04 03:36:29] Missing gesture_text. POST: [] RAW: {"text":"Gesture: Fist (No/Stop)","timestamp":"2025-11-04T02:36:29.024Z"}
[2025-11-04 03:36:29] Missing gesture_text. POST: [] RAW: {"text":"Gesture: Fist (No/Stop)","timestamp":"2025-11-04T02:36:29.057Z"}
[2025-11-04 03:36:29] Missing gesture_text. POST: [] RAW: {"text":"Gesture: Fist (No/Stop)","timestamp":"2025-11-04T02:36:29.086Z"}
[2025-11-04 03:36:29] Missing gesture_text. POST: [] RAW: {"text":"Gesture: Fist (No/Stop)","timestamp":"2025-11-04T02:36:29.122Z"}
[2025-11-04 03:36:29] Missing gesture_text. POST: [] RAW: {"text":"Gesture: Fist (No/Stop)","timestamp":"2025-11-04T02:36:29.164Z"}
[2025-11-04 03:36:29] Missing gesture_text. POST: [] RAW: {"text":"Gesture: Fist (No/Stop)","timestamp":"2025-11-04T02:36:29.203Z"}
[2025-11-04 03:36:29] Missing gesture_text. POST: [] RAW: {"text":"Gesture: Fist (No/Stop)","timestamp":"2025-11-04T02:36:29.232Z"}
[2025-11-04 03:36:29] Missing gesture_text. POST: [] RAW: {"text":"Gesture: Fist (No/Stop)","timestamp":"2025-11-04T02:36:29.263Z"}
[2025-11-04 03:36:29] Missing gesture_text. POST: [] RAW: {"text":"Gesture: Fist (No/Stop)","timestamp":"2025-11-04T02:36:29.298Z"}
[2025-11-04 03:36:29] Missing gesture_text. POST: [] RAW: {"text":"Gesture: Fist (No/Stop)","timestamp":"2025-11-04T02:36:29.330Z"}
[2025-11-04 03:36:29] Missing gesture_text. POST: [] RAW: {"text":"Gesture: Fist (No/Stop)","timestamp":"2025-11-04T02:36:29.361Z"}
[2025-11-04 03:36:29] Missing gesture_text. POST: [] RAW: {"text":"Gesture: Fist (No/Stop)","timestamp":"2025-11-04T02:36:29.399Z"}
[2025-11-04 03:36:29] Missing gesture_text. POST: [] RAW: {"text":"Gesture: Fist (No/Stop)","timestamp":"2025-11-04T02:36:29.428Z"}
[2025-11-04 03:36:29] Missing gesture_text. POST: [] RAW: {"text":"Gesture: Fist (No/Stop)","timestamp":"2025-11-04T02:36:29.458Z"}
[2025-11-04 03:36:29] Missing gesture_text. POST: [] RAW: {"text":"Gesture: Fist (No/Stop)","timestamp":"2025-11-04T02:36:29.511Z"}
[2025-11-04 03:36:29] Missing gesture_text. POST: [] RAW: {"text":"Gesture: Fist (No/Stop)","timestamp":"2025-11-04T02:36:29.543Z"}
[2025-11-04 03:36:29] Missing gesture_text. POST: [] RAW: {"text":"Gesture: Fist (No/Stop)","timestamp":"2025-11-04T02:36:29.569Z"}
[2025-11-04 03:36:29] Missing gesture_text. POST: [] RAW: {"text":"Gesture: Fist (No/Stop)","timestamp":"2025-11-04T02:36:29.603Z"}
[2025-11-04 03:36:29] Missing gesture_text. POST: [] RAW: {"text":"Gesture: Fist (No/Stop)","timestamp":"2025-11-04T02:36:29.634Z"}
[2025-11-04 03:36:29] Missing gesture_text. POST: [] RAW: {"text":"Gesture: Fist (No/Stop)","timestamp":"2025-11-04T02:36:29.665Z"}
[2025-11-04 03:36:29] Missing gesture_text. POST: [] RAW: {"text":"Gesture: Fist (No/Stop)","timestamp":"2025-11-04T02:36:29.703Z"}
[2025-11-04 03:36:29] Missing gesture_text. POST: [] RAW: {"text":"Gesture: Fist (No/Stop)","timestamp":"2025-11-04T02:36:29.733Z"}
[2025-11-04 03:36:29] Missing gesture_text. POST: [] RAW: {"text":"Gesture: Fist (No/Stop)","timestamp":"2025-11-04T02:36:29.758Z"}
[2025-11-04 03:36:29] Missing gesture_text. POST: [] RAW: {"text":"Gesture: Fist (No/Stop)","timestamp":"2025-11-04T02:36:29.789Z"}
[2025-11-04 03:36:29] Missing gesture_text. POST: [] RAW: {"text":"Gesture: Fist (No/Stop)","timestamp":"2025-11-04T02:36:29.834Z"}
[2025-11-04 03:36:29] Missing gesture_text. POST: [] RAW: {"text":"Gesture: Fist (No/Stop)","timestamp":"2025-11-04T02:36:29.871Z"}
[2025-11-04 03:36:29] Missing gesture_text. POST: [] RAW: {"text":"Gesture: Fist (No/Stop)","timestamp":"2025-11-04T02:36:29.904Z"}
[2025-11-04 03:36:29] Missing gesture_text. POST: [] RAW: {"text":"Gesture: Fist (No/Stop)","timestamp":"2025-11-04T02:36:29.936Z"}
[2025-11-04 03:36:29] Missing gesture_text. POST: [] RAW: {"text":"Gesture: Fist (No/Stop)","timestamp":"2025-11-04T02:36:29.966Z"}
[2025-11-04 03:36:30] Missing gesture_text. POST: [] RAW: {"text":"Gesture: Fist (No/Stop)","timestamp":"2025-11-04T02:36:29.998Z"}
[2025-11-04 03:36:30] Missing gesture_text. POST: [] RAW: {"text":"Gesture: Fist (No/Stop)","timestamp":"2025-11-04T02:36:30.031Z"}
[2025-11-04 03:36:30] Missing gesture_text. POST: [] RAW: {"text":"Gesture: Fist (No/Stop)","timestamp":"2025-11-04T02:36:30.066Z"}
[2025-11-04 03:36:30] Missing gesture_text. POST: [] RAW: {"text":"Gesture: Fist (No/Stop)","timestamp":"2025-11-04T02:36:30.098Z"}
[2025-11-04 03:36:30] Missing gesture_text. POST: [] RAW: {"text":"Gesture: Fist (No/Stop)","timestamp":"2025-11-04T02:36:30.129Z"}
[2025-11-04 03:36:30] Missing gesture_text. POST: [] RAW: {"text":"Gesture: Fist (No/Stop)","timestamp":"2025-11-04T02:36:30.174Z"}
[2025-11-04 03:36:30] Missing gesture_text. POST: [] RAW: {"text":"Gesture: Fist (No/Stop)","timestamp":"2025-11-04T02:36:30.205Z"}
[2025-11-04 03:36:30] Missing gesture_text. POST: [] RAW: {"text":"Gesture: Fist (No/Stop)","timestamp":"2025-11-04T02:36:30.235Z"}
[2025-11-04 03:36:30] Missing gesture_text. POST: [] RAW: {"text":"Gesture: Fist (No/Stop)","timestamp":"2025-11-04T02:36:30.273Z"}
[2025-11-04 03:36:30] Missing gesture_text. POST: [] RAW: {"text":"Gesture: Fist (No/Stop)","timestamp":"2025-11-04T02:36:30.303Z"}
[2025-11-04 03:36:30] Missing gesture_text. POST: [] RAW: {"text":"Gesture: Fist (No/Stop)","timestamp":"2025-11-04T02:36:30.333Z"}
[2025-11-04 03:36:30] Missing gesture_text. POST: [] RAW: {"text":"Gesture: Fist (No/Stop)","timestamp":"2025-11-04T02:36:30.367Z"}
[2025-11-04 03:36:30] Missing gesture_text. POST: [] RAW: {"text":"Gesture: Fist (No/Stop)","timestamp":"2025-11-04T02:36:30.399Z"}
[2025-11-04 03:36:30] Missing gesture_text. POST: [] RAW: {"text":"Gesture: Fist (No/Stop)","timestamp":"2025-11-04T02:36:30.431Z"}
[2025-11-04 03:36:30] Missing gesture_text. POST: [] RAW: {"text":"Gesture: Fist (No/Stop)","timestamp":"2025-11-04T02:36:30.463Z"}
[2025-11-04 03:36:30] Missing gesture_text. POST: [] RAW: {"text":"Gesture: Fist (No/Stop)","timestamp":"2025-11-04T02:36:30.509Z"}
[2025-11-04 03:36:30] Missing gesture_text. POST: [] RAW: {"text":"Gesture: Fist (No/Stop)","timestamp":"2025-11-04T02:36:30.546Z"}
[2025-11-04 03:36:30] Missing gesture_text. POST: [] RAW: {"text":"Gesture: Fist (No/Stop)","timestamp":"2025-11-04T02:36:30.576Z"}
[2025-11-04 03:36:30] Missing gesture_text. POST: [] RAW: {"text":"Gesture: Fist (No/Stop)","timestamp":"2025-11-04T02:36:30.607Z"}
[2025-11-04 03:36:30] Missing gesture_text. POST: [] RAW: {"text":"Gesture: Fist (No/Stop)","timestamp":"2025-11-04T02:36:30.636Z"}
[2025-11-04 03:36:30] Missing gesture_text. POST: [] RAW: {"text":"Gesture: Fist (No/Stop)","timestamp":"2025-11-04T02:36:30.675Z"}
[2025-11-04 03:36:30] Missing gesture_text. POST: [] RAW: {"text":"Gesture: Fist (No/Stop)","timestamp":"2025-11-04T02:36:30.704Z"}
[2025-11-04 03:36:30] Missing gesture_text. POST: [] RAW: {"text":"Gesture: Fist (No/Stop)","timestamp":"2025-11-04T02:36:30.734Z"}
[2025-11-04 03:36:30] Missing gesture_text. POST: [] RAW: {"text":"Gesture: Fist (No/Stop)","timestamp":"2025-11-04T02:36:30.767Z"}
[2025-11-04 03:42:47] Missing gesture_text. POST: [] RAW: 
[2025-11-04 03:42:50] Missing gesture_text. POST: [] RAW: {"text":"Gesture: Fist (No/Stop)","timestamp":"2025-11-04T02:42:50.906Z"}
[2025-11-04 03:42:50] Missing gesture_text. POST: [] RAW: {"text":"Gesture: Fist (No/Stop)","timestamp":"2025-11-04T02:42:50.950Z"}
[2025-11-04 03:42:51] Missing gesture_text. POST: [] RAW: {"text":"Gesture: Fist (No/Stop)","timestamp":"2025-11-04T02:42:50.986Z"}
[2025-11-04 03:42:51] Missing gesture_text. POST: [] RAW: {"text":"Gesture: Fist (No/Stop)","timestamp":"2025-11-04T02:42:51.022Z"}
[2025-11-04 03:42:51] Missing gesture_text. POST: [] RAW: {"text":"Gesture: Fist (No/Stop)","timestamp":"2025-11-04T02:42:51.056Z"}
[2025-11-04 03:42:51] Missing gesture_text. POST: [] RAW: {"text":"Gesture: Fist (No/Stop)","timestamp":"2025-11-04T02:42:51.091Z"}
[2025-11-04 03:42:51] Missing gesture_text. POST: [] RAW: {"text":"Gesture: Fist (No/Stop)","timestamp":"2025-11-04T02:42:51.126Z"}
[2025-11-04 03:42:51] Missing gesture_text. POST: [] RAW: {"text":"Gesture: Fist (No/Stop)","timestamp":"2025-11-04T02:42:51.163Z"}
[2025-11-04 03:42:51] Missing gesture_text. POST: [] RAW: {"text":"Gesture: Fist (No/Stop)","timestamp":"2025-11-04T02:42:51.192Z"}
[2025-11-04 03:42:51] Missing gesture_text. POST: [] RAW: {"text":"Gesture: Fist (No/Stop)","timestamp":"2025-11-04T02:42:51.221Z"}
[2025-11-04 03:42:51] Missing gesture_text. POST: [] RAW: {"text":"Gesture: Fist (No/Stop)","timestamp":"2025-11-04T02:42:51.246Z"}
[2025-11-04 03:42:51] Missing gesture_text. POST: [] RAW: {"text":"Gesture: Fist (No/Stop)","timestamp":"2025-11-04T02:42:51.294Z"}
[2025-11-04 03:42:51] Missing gesture_text. POST: [] RAW: {"text":"Gesture: Hello/Hi","timestamp":"2025-11-04T02:42:51.319Z"}
[2025-11-04 03:42:51] Missing gesture_text. POST: [] RAW: {"text":"Gesture: Hello/Hi","timestamp":"2025-11-04T02:42:51.407Z"}
[2025-11-04 03:42:51] Missing gesture_text. POST: [] RAW: {"text":"Gesture: OK","timestamp":"2025-11-04T02:42:51.441Z"}
[2025-11-04 03:42:51] Missing gesture_text. POST: [] RAW: {"text":"Gesture: OK","timestamp":"2025-11-04T02:42:51.466Z"}
[2025-11-04 03:42:51] Missing gesture_text. POST: [] RAW: {"text":"Gesture: Fist (No/Stop)","timestamp":"2025-11-04T02:42:51.544Z"}
[2025-11-04 03:42:51] Missing gesture_text. POST: [] RAW: {"text":"Gesture: Fist (No/Stop)","timestamp":"2025-11-04T02:42:51.576Z"}
[2025-11-04 03:42:51] Missing gesture_text. POST: [] RAW: {"text":"Gesture: Hello/Hi","timestamp":"2025-11-04T02:42:51.612Z"}
[2025-11-04 03:42:51] Missing gesture_text. POST: [] RAW: {"text":"Gesture: Fist (No/Stop)","timestamp":"2025-11-04T02:42:51.644Z"}
[2025-11-04 03:42:51] Missing gesture_text. POST: [] RAW: {"text":"Gesture: Fist (No/Stop)","timestamp":"2025-11-04T02:42:51.684Z"}
[2025-11-04 03:42:51] Missing gesture_text. POST: [] RAW: {"text":"Gesture: Fist (No/Stop)","timestamp":"2025-11-04T02:42:51.710Z"}
[2025-11-04 03:42:51] Missing gesture_text. POST: [] RAW: {"text":"Gesture: Fist (No/Stop)","timestamp":"2025-11-04T02:42:51.745Z"}
[2025-11-04 03:42:51] Missing gesture_text. POST: [] RAW: {"text":"Gesture: Fist (No/Stop)","timestamp":"2025-11-04T02:42:51.775Z"}
[2025-11-04 03:42:51] Missing gesture_text. POST: [] RAW: {"text":"Gesture: Fist (No/Stop)","timestamp":"2025-11-04T02:42:51.812Z"}
